----------------------------------------------------------------
Tue Jul 13 19:52:16 IST 2021:
Booting Derby version The Apache Software Foundation - Apache Derby - 10.14.2.0 - (1828579): instance a816c00e-017a-a03f-3d28-000006130c10 
on database directory memory:C:\Workspace\Ecommerce\user-api\user-api\482d6a13-97d5-40b4-b13b-d346b88123f5 with class loader jdk.internal.loader.ClassLoaders$AppClassLoader@e73f9ac 
Loaded from file:/C:/Users/nageswararao.seelam/.m2/repository/org/apache/derby/derby/10.14.2.0/derby-10.14.2.0.jar
java.vendor=Oracle Corporation
java.runtime.version=15.0.2+7-27
user.dir=C:\Workspace\Ecommerce\user-api\user-api
os.name=Windows 10
os.arch=amd64
os.version=10.0
derby.system.home=null
Database Class Loader started - derby.database.classpath=''
----------------------------------------------------------------
Tue Jul 13 20:57:38 IST 2021:
Shutting down instance a816c00e-017a-a03f-3d28-000006130c10 on database directory memory:C:\Workspace\Ecommerce\user-api\user-api\482d6a13-97d5-40b4-b13b-d346b88123f5 with class loader jdk.internal.loader.ClassLoaders$AppClassLoader@e73f9ac 
----------------------------------------------------------------
Tue Jul 13 20:57:43 IST 2021:
Booting Derby version The Apache Software Foundation - Apache Derby - 10.14.2.0 - (1828579): instance b31480ec-017a-a03f-3d28-000006130c10 
on database directory memory:C:\Workspace\Ecommerce\user-api\user-api\c0187efd-02e8-4630-9d95-d9cc33c1c9ad with class loader jdk.internal.loader.ClassLoaders$AppClassLoader@e73f9ac 
Loaded from file:/C:/Users/nageswararao.seelam/.m2/repository/org/apache/derby/derby/10.14.2.0/derby-10.14.2.0.jar
java.vendor=Oracle Corporation
java.runtime.version=15.0.2+7-27
user.dir=C:\Workspace\Ecommerce\user-api\user-api
os.name=Windows 10
os.arch=amd64
os.version=10.0
derby.system.home=null
Database Class Loader started - derby.database.classpath=''
----------------------------------------------------------------
Tue Jul 13 20:57:52 IST 2021:
Shutting down instance b31480ec-017a-a03f-3d28-000006130c10 on database directory memory:C:\Workspace\Ecommerce\user-api\user-api\c0187efd-02e8-4630-9d95-d9cc33c1c9ad with class loader jdk.internal.loader.ClassLoaders$AppClassLoader@e73f9ac 
----------------------------------------------------------------
Tue Jul 13 20:57:57 IST 2021:
Booting Derby version The Apache Software Foundation - Apache Derby - 10.14.2.0 - (1828579): instance 44dd41c7-017a-a03f-3d28-000006130c10 
on database directory memory:C:\Workspace\Ecommerce\user-api\user-api\7236b150-2659-4a93-a7c4-e1f7f635c2a6 with class loader jdk.internal.loader.ClassLoaders$AppClassLoader@e73f9ac 
Loaded from file:/C:/Users/nageswararao.seelam/.m2/repository/org/apache/derby/derby/10.14.2.0/derby-10.14.2.0.jar
java.vendor=Oracle Corporation
java.runtime.version=15.0.2+7-27
user.dir=C:\Workspace\Ecommerce\user-api\user-api
os.name=Windows 10
os.arch=amd64
os.version=10.0
derby.system.home=null
Database Class Loader started - derby.database.classpath=''
