----------------------------------------------------------------
Tue Jul 13 18:33:25 IST 2021:
Booting Derby version The Apache Software Foundation - Apache Derby - 10.14.2.0 - (1828579): instance a816c00e-017a-9ff7-0ada-0000009bad88 
on database directory memory:C:\Workspace\Ecommerce\shop-api\shop-api\97768db1-a86a-4b2c-9789-2d4dbc167bd3 with class loader jdk.internal.loader.ClassLoaders$AppClassLoader@e73f9ac 
Loaded from file:/C:/Users/nageswararao.seelam/.m2/repository/org/apache/derby/derby/10.14.2.0/derby-10.14.2.0.jar
java.vendor=Oracle Corporation
java.runtime.version=15.0.2+7-27
user.dir=C:\Workspace\Ecommerce\shop-api\shop-api
os.name=Windows 10
os.arch=amd64
os.version=10.0
derby.system.home=null
Database Class Loader started - derby.database.classpath=''
----------------------------------------------------------------
Tue Jul 13 18:45:43 IST 2021:
Shutting down instance a816c00e-017a-9ff7-0ada-0000009bad88 on database directory memory:C:\Workspace\Ecommerce\shop-api\shop-api\97768db1-a86a-4b2c-9789-2d4dbc167bd3 with class loader jdk.internal.loader.ClassLoaders$AppClassLoader@e73f9ac 
----------------------------------------------------------------
Tue Jul 13 18:45:48 IST 2021:
Booting Derby version The Apache Software Foundation - Apache Derby - 10.14.2.0 - (1828579): instance 176240b2-017a-9ff7-0ada-0000009bad88 
on database directory memory:C:\Workspace\Ecommerce\shop-api\shop-api\db8186d9-89e0-43c0-9f91-b997fd34a461 with class loader jdk.internal.loader.ClassLoaders$AppClassLoader@e73f9ac 
Loaded from file:/C:/Users/nageswararao.seelam/.m2/repository/org/apache/derby/derby/10.14.2.0/derby-10.14.2.0.jar
java.vendor=Oracle Corporation
java.runtime.version=15.0.2+7-27
user.dir=C:\Workspace\Ecommerce\shop-api\shop-api
os.name=Windows 10
os.arch=amd64
os.version=10.0
derby.system.home=null
Database Class Loader started - derby.database.classpath=''
----------------------------------------------------------------
Tue Jul 13 18:46:06 IST 2021:
Shutting down instance 176240b2-017a-9ff7-0ada-0000009bad88 on database directory memory:C:\Workspace\Ecommerce\shop-api\shop-api\db8186d9-89e0-43c0-9f91-b997fd34a461 with class loader jdk.internal.loader.ClassLoaders$AppClassLoader@e73f9ac 
----------------------------------------------------------------
Tue Jul 13 18:46:10 IST 2021:
Booting Derby version The Apache Software Foundation - Apache Derby - 10.14.2.0 - (1828579): instance a0f1c156-017a-9ff7-0ada-0000009bad88 
on database directory memory:C:\Workspace\Ecommerce\shop-api\shop-api\675624ce-eb73-4063-b71d-de1c0f03f8c3 with class loader jdk.internal.loader.ClassLoaders$AppClassLoader@e73f9ac 
Loaded from file:/C:/Users/nageswararao.seelam/.m2/repository/org/apache/derby/derby/10.14.2.0/derby-10.14.2.0.jar
java.vendor=Oracle Corporation
java.runtime.version=15.0.2+7-27
user.dir=C:\Workspace\Ecommerce\shop-api\shop-api
os.name=Windows 10
os.arch=amd64
os.version=10.0
derby.system.home=null
Database Class Loader started - derby.database.classpath=''
----------------------------------------------------------------
Tue Jul 13 18:46:47 IST 2021:
Shutting down instance a0f1c156-017a-9ff7-0ada-0000009bad88 on database directory memory:C:\Workspace\Ecommerce\shop-api\shop-api\675624ce-eb73-4063-b71d-de1c0f03f8c3 with class loader jdk.internal.loader.ClassLoaders$AppClassLoader@e73f9ac 
----------------------------------------------------------------
Tue Jul 13 18:46:52 IST 2021:
Booting Derby version The Apache Software Foundation - Apache Derby - 10.14.2.0 - (1828579): instance 44c541fa-017a-9ff7-0ada-0000009bad88 
on database directory memory:C:\Workspace\Ecommerce\shop-api\shop-api\5403720d-eded-431d-a1d0-cc8c7bd40bd1 with class loader jdk.internal.loader.ClassLoaders$AppClassLoader@e73f9ac 
Loaded from file:/C:/Users/nageswararao.seelam/.m2/repository/org/apache/derby/derby/10.14.2.0/derby-10.14.2.0.jar
java.vendor=Oracle Corporation
java.runtime.version=15.0.2+7-27
user.dir=C:\Workspace\Ecommerce\shop-api\shop-api
os.name=Windows 10
os.arch=amd64
os.version=10.0
derby.system.home=null
Database Class Loader started - derby.database.classpath=''
----------------------------------------------------------------
Tue Jul 13 18:46:52 IST 2021:
Shutting down instance 44c541fa-017a-9ff7-0ada-0000009bad88 on database directory memory:C:\Workspace\Ecommerce\shop-api\shop-api\5403720d-eded-431d-a1d0-cc8c7bd40bd1 with class loader jdk.internal.loader.ClassLoaders$AppClassLoader@e73f9ac 
----------------------------------------------------------------
Tue Jul 13 18:46:53 IST 2021:
Booting Derby version The Apache Software Foundation - Apache Derby - 10.14.2.0 - (1828579): instance 02dcc29e-017a-9ff7-0ada-0000009bad88 
on database directory memory:C:\Workspace\Ecommerce\shop-api\shop-api\5403720d-eded-431d-a1d0-cc8c7bd40bd1 with class loader jdk.internal.loader.ClassLoaders$AppClassLoader@e73f9ac 
Loaded from file:/C:/Users/nageswararao.seelam/.m2/repository/org/apache/derby/derby/10.14.2.0/derby-10.14.2.0.jar
java.vendor=Oracle Corporation
java.runtime.version=15.0.2+7-27
user.dir=C:\Workspace\Ecommerce\shop-api\shop-api
os.name=Windows 10
os.arch=amd64
os.version=10.0
derby.system.home=null
Database Class Loader started - derby.database.classpath=''
----------------------------------------------------------------
Tue Jul 13 18:47:02 IST 2021:
Booting Derby version The Apache Software Foundation - Apache Derby - 10.14.2.0 - (1828579): instance 3b84429f-017a-9ff7-0ada-0000009bad88 
on database directory memory:C:\Workspace\Ecommerce\shop-api\shop-api\2170e7e2-305e-46fa-ba73-12634d67cfd5 with class loader jdk.internal.loader.ClassLoaders$AppClassLoader@e73f9ac 
Loaded from file:/C:/Users/nageswararao.seelam/.m2/repository/org/apache/derby/derby/10.14.2.0/derby-10.14.2.0.jar
java.vendor=Oracle Corporation
java.runtime.version=15.0.2+7-27
user.dir=C:\Workspace\Ecommerce\shop-api\shop-api
os.name=Windows 10
os.arch=amd64
os.version=10.0
derby.system.home=null
Database Class Loader started - derby.database.classpath=''
----------------------------------------------------------------
Tue Jul 13 18:47:02 IST 2021:
Shutting down instance 3b84429f-017a-9ff7-0ada-0000009bad88 on database directory memory:C:\Workspace\Ecommerce\shop-api\shop-api\2170e7e2-305e-46fa-ba73-12634d67cfd5 with class loader jdk.internal.loader.ClassLoaders$AppClassLoader@e73f9ac 
----------------------------------------------------------------
Tue Jul 13 18:47:02 IST 2021:
Booting Derby version The Apache Software Foundation - Apache Derby - 10.14.2.0 - (1828579): instance f408c343-017a-9ff7-0ada-0000009bad88 
on database directory memory:C:\Workspace\Ecommerce\shop-api\shop-api\2170e7e2-305e-46fa-ba73-12634d67cfd5 with class loader jdk.internal.loader.ClassLoaders$AppClassLoader@e73f9ac 
Loaded from file:/C:/Users/nageswararao.seelam/.m2/repository/org/apache/derby/derby/10.14.2.0/derby-10.14.2.0.jar
java.vendor=Oracle Corporation
java.runtime.version=15.0.2+7-27
user.dir=C:\Workspace\Ecommerce\shop-api\shop-api
os.name=Windows 10
os.arch=amd64
os.version=10.0
derby.system.home=null
Database Class Loader started - derby.database.classpath=''
----------------------------------------------------------------
Tue Jul 13 18:48:16 IST 2021:
Booting Derby version The Apache Software Foundation - Apache Derby - 10.14.2.0 - (1828579): instance 2cd98344-017a-9ff7-0ada-0000009bad88 
on database directory memory:C:\Workspace\Ecommerce\shop-api\shop-api\e19edf16-e7b6-43e7-9259-7ae640730b06 with class loader jdk.internal.loader.ClassLoaders$AppClassLoader@e73f9ac 
Loaded from file:/C:/Users/nageswararao.seelam/.m2/repository/org/apache/derby/derby/10.14.2.0/derby-10.14.2.0.jar
java.vendor=Oracle Corporation
java.runtime.version=15.0.2+7-27
user.dir=C:\Workspace\Ecommerce\shop-api\shop-api
os.name=Windows 10
os.arch=amd64
os.version=10.0
derby.system.home=null
Database Class Loader started - derby.database.classpath=''
----------------------------------------------------------------
Tue Jul 13 18:54:33 IST 2021:
Shutting down instance 2cd98344-017a-9ff7-0ada-0000009bad88 on database directory memory:C:\Workspace\Ecommerce\shop-api\shop-api\e19edf16-e7b6-43e7-9259-7ae640730b06 with class loader jdk.internal.loader.ClassLoaders$AppClassLoader@e73f9ac 
----------------------------------------------------------------
Tue Jul 13 18:54:37 IST 2021:
Booting Derby version The Apache Software Foundation - Apache Derby - 10.14.2.0 - (1828579): instance 1fcb03e8-017a-9ff7-0ada-0000009bad88 
on database directory memory:C:\Workspace\Ecommerce\shop-api\shop-api\abf17ecf-c2c9-4a78-86fc-6157b2c0710f with class loader jdk.internal.loader.ClassLoaders$AppClassLoader@e73f9ac 
Loaded from file:/C:/Users/nageswararao.seelam/.m2/repository/org/apache/derby/derby/10.14.2.0/derby-10.14.2.0.jar
java.vendor=Oracle Corporation
java.runtime.version=15.0.2+7-27
user.dir=C:\Workspace\Ecommerce\shop-api\shop-api
os.name=Windows 10
os.arch=amd64
os.version=10.0
derby.system.home=null
Database Class Loader started - derby.database.classpath=''
----------------------------------------------------------------
Tue Jul 13 18:54:55 IST 2021:
Shutting down instance 1fcb03e8-017a-9ff7-0ada-0000009bad88 on database directory memory:C:\Workspace\Ecommerce\shop-api\shop-api\abf17ecf-c2c9-4a78-86fc-6157b2c0710f with class loader jdk.internal.loader.ClassLoaders$AppClassLoader@e73f9ac 
----------------------------------------------------------------
Tue Jul 13 18:54:59 IST 2021:
Booting Derby version The Apache Software Foundation - Apache Derby - 10.14.2.0 - (1828579): instance 2d00848c-017a-9ff7-0ada-0000009bad88 
on database directory memory:C:\Workspace\Ecommerce\shop-api\shop-api\c7b8356a-77c7-4f56-b0ab-21fc45ecd890 with class loader jdk.internal.loader.ClassLoaders$AppClassLoader@e73f9ac 
Loaded from file:/C:/Users/nageswararao.seelam/.m2/repository/org/apache/derby/derby/10.14.2.0/derby-10.14.2.0.jar
java.vendor=Oracle Corporation
java.runtime.version=15.0.2+7-27
user.dir=C:\Workspace\Ecommerce\shop-api\shop-api
os.name=Windows 10
os.arch=amd64
os.version=10.0
derby.system.home=null
Database Class Loader started - derby.database.classpath=''
----------------------------------------------------------------
Tue Jul 13 18:58:45 IST 2021:
Shutting down instance 2d00848c-017a-9ff7-0ada-0000009bad88 on database directory memory:C:\Workspace\Ecommerce\shop-api\shop-api\c7b8356a-77c7-4f56-b0ab-21fc45ecd890 with class loader jdk.internal.loader.ClassLoaders$AppClassLoader@e73f9ac 
----------------------------------------------------------------
Tue Jul 13 18:58:49 IST 2021:
Booting Derby version The Apache Software Foundation - Apache Derby - 10.14.2.0 - (1828579): instance 547a0530-017a-9ff7-0ada-0000009bad88 
on database directory memory:C:\Workspace\Ecommerce\shop-api\shop-api\7dd8937a-15f1-4fe9-98b9-f14e4bd3e4e8 with class loader jdk.internal.loader.ClassLoaders$AppClassLoader@e73f9ac 
Loaded from file:/C:/Users/nageswararao.seelam/.m2/repository/org/apache/derby/derby/10.14.2.0/derby-10.14.2.0.jar
java.vendor=Oracle Corporation
java.runtime.version=15.0.2+7-27
user.dir=C:\Workspace\Ecommerce\shop-api\shop-api
os.name=Windows 10
os.arch=amd64
os.version=10.0
derby.system.home=null
Database Class Loader started - derby.database.classpath=''
----------------------------------------------------------------
Tue Jul 13 18:59:48 IST 2021:
Shutting down instance 547a0530-017a-9ff7-0ada-0000009bad88 on database directory memory:C:\Workspace\Ecommerce\shop-api\shop-api\7dd8937a-15f1-4fe9-98b9-f14e4bd3e4e8 with class loader jdk.internal.loader.ClassLoaders$AppClassLoader@e73f9ac 
----------------------------------------------------------------
Tue Jul 13 18:59:52 IST 2021:
Booting Derby version The Apache Software Foundation - Apache Derby - 10.14.2.0 - (1828579): instance 963785d4-017a-9ff7-0ada-0000009bad88 
on database directory memory:C:\Workspace\Ecommerce\shop-api\shop-api\4802a5ce-a980-4579-931a-896d27b0480d with class loader jdk.internal.loader.ClassLoaders$AppClassLoader@e73f9ac 
Loaded from file:/C:/Users/nageswararao.seelam/.m2/repository/org/apache/derby/derby/10.14.2.0/derby-10.14.2.0.jar
java.vendor=Oracle Corporation
java.runtime.version=15.0.2+7-27
user.dir=C:\Workspace\Ecommerce\shop-api\shop-api
os.name=Windows 10
os.arch=amd64
os.version=10.0
derby.system.home=null
Database Class Loader started - derby.database.classpath=''
----------------------------------------------------------------
Tue Jul 13 19:00:27 IST 2021:
Shutting down instance 963785d4-017a-9ff7-0ada-0000009bad88 on database directory memory:C:\Workspace\Ecommerce\shop-api\shop-api\4802a5ce-a980-4579-931a-896d27b0480d with class loader jdk.internal.loader.ClassLoaders$AppClassLoader@e73f9ac 
----------------------------------------------------------------
Tue Jul 13 19:00:31 IST 2021:
Booting Derby version The Apache Software Foundation - Apache Derby - 10.14.2.0 - (1828579): instance f2390678-017a-9ff7-0ada-0000009bad88 
on database directory memory:C:\Workspace\Ecommerce\shop-api\shop-api\ab84ba31-6c49-49cf-8f8f-acf911cc395e with class loader jdk.internal.loader.ClassLoaders$AppClassLoader@e73f9ac 
Loaded from file:/C:/Users/nageswararao.seelam/.m2/repository/org/apache/derby/derby/10.14.2.0/derby-10.14.2.0.jar
java.vendor=Oracle Corporation
java.runtime.version=15.0.2+7-27
user.dir=C:\Workspace\Ecommerce\shop-api\shop-api
os.name=Windows 10
os.arch=amd64
os.version=10.0
derby.system.home=null
Database Class Loader started - derby.database.classpath=''
----------------------------------------------------------------
Tue Jul 13 19:01:20 IST 2021:
Shutting down instance f2390678-017a-9ff7-0ada-0000009bad88 on database directory memory:C:\Workspace\Ecommerce\shop-api\shop-api\ab84ba31-6c49-49cf-8f8f-acf911cc395e with class loader jdk.internal.loader.ClassLoaders$AppClassLoader@e73f9ac 
----------------------------------------------------------------
Tue Jul 13 19:01:25 IST 2021:
Booting Derby version The Apache Software Foundation - Apache Derby - 10.14.2.0 - (1828579): instance 687e871c-017a-9ff7-0ada-0000009bad88 
on database directory memory:C:\Workspace\Ecommerce\shop-api\shop-api\e0619499-fe3f-421b-b6d5-c23373440a67 with class loader jdk.internal.loader.ClassLoaders$AppClassLoader@e73f9ac 
Loaded from file:/C:/Users/nageswararao.seelam/.m2/repository/org/apache/derby/derby/10.14.2.0/derby-10.14.2.0.jar
java.vendor=Oracle Corporation
java.runtime.version=15.0.2+7-27
user.dir=C:\Workspace\Ecommerce\shop-api\shop-api
os.name=Windows 10
os.arch=amd64
os.version=10.0
derby.system.home=null
Database Class Loader started - derby.database.classpath=''
----------------------------------------------------------------
Tue Jul 13 19:02:04 IST 2021:
Shutting down instance 687e871c-017a-9ff7-0ada-0000009bad88 on database directory memory:C:\Workspace\Ecommerce\shop-api\shop-api\e0619499-fe3f-421b-b6d5-c23373440a67 with class loader jdk.internal.loader.ClassLoaders$AppClassLoader@e73f9ac 
----------------------------------------------------------------
Tue Jul 13 19:02:09 IST 2021:
Booting Derby version The Apache Software Foundation - Apache Derby - 10.14.2.0 - (1828579): instance f90807c0-017a-9ff7-0ada-0000009bad88 
on database directory memory:C:\Workspace\Ecommerce\shop-api\shop-api\2378ec9c-c423-4ee3-a60d-bb6cd15bbd5b with class loader jdk.internal.loader.ClassLoaders$AppClassLoader@e73f9ac 
Loaded from file:/C:/Users/nageswararao.seelam/.m2/repository/org/apache/derby/derby/10.14.2.0/derby-10.14.2.0.jar
java.vendor=Oracle Corporation
java.runtime.version=15.0.2+7-27
user.dir=C:\Workspace\Ecommerce\shop-api\shop-api
os.name=Windows 10
os.arch=amd64
os.version=10.0
derby.system.home=null
Database Class Loader started - derby.database.classpath=''
----------------------------------------------------------------
Tue Jul 13 19:07:10 IST 2021:
Shutting down instance f90807c0-017a-9ff7-0ada-0000009bad88 on database directory memory:C:\Workspace\Ecommerce\shop-api\shop-api\2378ec9c-c423-4ee3-a60d-bb6cd15bbd5b with class loader jdk.internal.loader.ClassLoaders$AppClassLoader@e73f9ac 
----------------------------------------------------------------
Tue Jul 13 19:07:15 IST 2021:
Booting Derby version The Apache Software Foundation - Apache Derby - 10.14.2.0 - (1828579): instance a3d58864-017a-9ff7-0ada-0000009bad88 
on database directory memory:C:\Workspace\Ecommerce\shop-api\shop-api\39e36950-0c39-4ccf-8865-91651bbe0925 with class loader jdk.internal.loader.ClassLoaders$AppClassLoader@e73f9ac 
Loaded from file:/C:/Users/nageswararao.seelam/.m2/repository/org/apache/derby/derby/10.14.2.0/derby-10.14.2.0.jar
java.vendor=Oracle Corporation
java.runtime.version=15.0.2+7-27
user.dir=C:\Workspace\Ecommerce\shop-api\shop-api
os.name=Windows 10
os.arch=amd64
os.version=10.0
derby.system.home=null
Database Class Loader started - derby.database.classpath=''
----------------------------------------------------------------
Tue Jul 13 19:26:51 IST 2021:
Shutting down instance a3d58864-017a-9ff7-0ada-0000009bad88 on database directory memory:C:\Workspace\Ecommerce\shop-api\shop-api\39e36950-0c39-4ccf-8865-91651bbe0925 with class loader jdk.internal.loader.ClassLoaders$AppClassLoader@e73f9ac 
----------------------------------------------------------------
Tue Jul 13 19:26:55 IST 2021:
Booting Derby version The Apache Software Foundation - Apache Derby - 10.14.2.0 - (1828579): instance 68e70908-017a-9ff7-0ada-0000009bad88 
on database directory memory:C:\Workspace\Ecommerce\shop-api\shop-api\0c4bc4da-5aa3-4ce1-abb8-6187e0e3df52 with class loader jdk.internal.loader.ClassLoaders$AppClassLoader@e73f9ac 
Loaded from file:/C:/Users/nageswararao.seelam/.m2/repository/org/apache/derby/derby/10.14.2.0/derby-10.14.2.0.jar
java.vendor=Oracle Corporation
java.runtime.version=15.0.2+7-27
user.dir=C:\Workspace\Ecommerce\shop-api\shop-api
os.name=Windows 10
os.arch=amd64
os.version=10.0
derby.system.home=null
Database Class Loader started - derby.database.classpath=''
----------------------------------------------------------------
Tue Jul 13 19:27:18 IST 2021:
Shutting down instance 68e70908-017a-9ff7-0ada-0000009bad88 on database directory memory:C:\Workspace\Ecommerce\shop-api\shop-api\0c4bc4da-5aa3-4ce1-abb8-6187e0e3df52 with class loader jdk.internal.loader.ClassLoaders$AppClassLoader@e73f9ac 
----------------------------------------------------------------
Tue Jul 13 19:27:23 IST 2021:
Booting Derby version The Apache Software Foundation - Apache Derby - 10.14.2.0 - (1828579): instance 483c89ac-017a-9ff7-0ada-0000009bad88 
on database directory memory:C:\Workspace\Ecommerce\shop-api\shop-api\8a9efbed-82f8-4780-a327-21e734b9bf58 with class loader jdk.internal.loader.ClassLoaders$AppClassLoader@e73f9ac 
Loaded from file:/C:/Users/nageswararao.seelam/.m2/repository/org/apache/derby/derby/10.14.2.0/derby-10.14.2.0.jar
java.vendor=Oracle Corporation
java.runtime.version=15.0.2+7-27
user.dir=C:\Workspace\Ecommerce\shop-api\shop-api
os.name=Windows 10
os.arch=amd64
os.version=10.0
derby.system.home=null
Database Class Loader started - derby.database.classpath=''
----------------------------------------------------------------
Tue Jul 13 19:27:48 IST 2021:
Shutting down instance 483c89ac-017a-9ff7-0ada-0000009bad88 on database directory memory:C:\Workspace\Ecommerce\shop-api\shop-api\8a9efbed-82f8-4780-a327-21e734b9bf58 with class loader jdk.internal.loader.ClassLoaders$AppClassLoader@e73f9ac 
----------------------------------------------------------------
Tue Jul 13 19:27:52 IST 2021:
Booting Derby version The Apache Software Foundation - Apache Derby - 10.14.2.0 - (1828579): instance 41d60a50-017a-9ff7-0ada-0000009bad88 
on database directory memory:C:\Workspace\Ecommerce\shop-api\shop-api\eab7fb87-29b2-441b-9b10-26cbfcb11004 with class loader jdk.internal.loader.ClassLoaders$AppClassLoader@e73f9ac 
Loaded from file:/C:/Users/nageswararao.seelam/.m2/repository/org/apache/derby/derby/10.14.2.0/derby-10.14.2.0.jar
java.vendor=Oracle Corporation
java.runtime.version=15.0.2+7-27
user.dir=C:\Workspace\Ecommerce\shop-api\shop-api
os.name=Windows 10
os.arch=amd64
os.version=10.0
derby.system.home=null
Database Class Loader started - derby.database.classpath=''
----------------------------------------------------------------
Tue Jul 13 19:31:40 IST 2021:
Shutting down instance 41d60a50-017a-9ff7-0ada-0000009bad88 on database directory memory:C:\Workspace\Ecommerce\shop-api\shop-api\eab7fb87-29b2-441b-9b10-26cbfcb11004 with class loader jdk.internal.loader.ClassLoaders$AppClassLoader@e73f9ac 
----------------------------------------------------------------
Tue Jul 13 19:31:44 IST 2021:
Booting Derby version The Apache Software Foundation - Apache Derby - 10.14.2.0 - (1828579): instance 55b38af4-017a-9ff7-0ada-0000009bad88 
on database directory memory:C:\Workspace\Ecommerce\shop-api\shop-api\e86e5065-8828-4abf-9d48-7118e49106ac with class loader jdk.internal.loader.ClassLoaders$AppClassLoader@e73f9ac 
Loaded from file:/C:/Users/nageswararao.seelam/.m2/repository/org/apache/derby/derby/10.14.2.0/derby-10.14.2.0.jar
java.vendor=Oracle Corporation
java.runtime.version=15.0.2+7-27
user.dir=C:\Workspace\Ecommerce\shop-api\shop-api
os.name=Windows 10
os.arch=amd64
os.version=10.0
derby.system.home=null
Database Class Loader started - derby.database.classpath=''
----------------------------------------------------------------
Tue Jul 13 19:33:46 IST 2021:
Shutting down instance 55b38af4-017a-9ff7-0ada-0000009bad88 on database directory memory:C:\Workspace\Ecommerce\shop-api\shop-api\e86e5065-8828-4abf-9d48-7118e49106ac with class loader jdk.internal.loader.ClassLoaders$AppClassLoader@e73f9ac 
----------------------------------------------------------------
Tue Jul 13 19:33:50 IST 2021:
Booting Derby version The Apache Software Foundation - Apache Derby - 10.14.2.0 - (1828579): instance 83d50b98-017a-9ff7-0ada-0000009bad88 
on database directory memory:C:\Workspace\Ecommerce\shop-api\shop-api\4a0b5a8e-12af-466d-afd6-38dfc0d05ce8 with class loader jdk.internal.loader.ClassLoaders$AppClassLoader@e73f9ac 
Loaded from file:/C:/Users/nageswararao.seelam/.m2/repository/org/apache/derby/derby/10.14.2.0/derby-10.14.2.0.jar
java.vendor=Oracle Corporation
java.runtime.version=15.0.2+7-27
user.dir=C:\Workspace\Ecommerce\shop-api\shop-api
os.name=Windows 10
os.arch=amd64
os.version=10.0
derby.system.home=null
Database Class Loader started - derby.database.classpath=''
----------------------------------------------------------------
Tue Jul 13 19:34:35 IST 2021:
Shutting down instance 83d50b98-017a-9ff7-0ada-0000009bad88 on database directory memory:C:\Workspace\Ecommerce\shop-api\shop-api\4a0b5a8e-12af-466d-afd6-38dfc0d05ce8 with class loader jdk.internal.loader.ClassLoaders$AppClassLoader@e73f9ac 
----------------------------------------------------------------
Tue Jul 13 19:34:39 IST 2021:
Booting Derby version The Apache Software Foundation - Apache Derby - 10.14.2.0 - (1828579): instance cc3a8c3c-017a-9ff7-0ada-0000009bad88 
on database directory memory:C:\Workspace\Ecommerce\shop-api\shop-api\f14a3774-f471-481e-9555-4e76f149ce55 with class loader jdk.internal.loader.ClassLoaders$AppClassLoader@e73f9ac 
Loaded from file:/C:/Users/nageswararao.seelam/.m2/repository/org/apache/derby/derby/10.14.2.0/derby-10.14.2.0.jar
java.vendor=Oracle Corporation
java.runtime.version=15.0.2+7-27
user.dir=C:\Workspace\Ecommerce\shop-api\shop-api
os.name=Windows 10
os.arch=amd64
os.version=10.0
derby.system.home=null
Database Class Loader started - derby.database.classpath=''
----------------------------------------------------------------
Tue Jul 13 19:36:04 IST 2021:
Shutting down instance cc3a8c3c-017a-9ff7-0ada-0000009bad88 on database directory memory:C:\Workspace\Ecommerce\shop-api\shop-api\f14a3774-f471-481e-9555-4e76f149ce55 with class loader jdk.internal.loader.ClassLoaders$AppClassLoader@e73f9ac 
----------------------------------------------------------------
Tue Jul 13 19:36:09 IST 2021:
Booting Derby version The Apache Software Foundation - Apache Derby - 10.14.2.0 - (1828579): instance 2ee40ce0-017a-9ff7-0ada-0000009bad88 
on database directory memory:C:\Workspace\Ecommerce\shop-api\shop-api\921c7cfa-dfa3-48a8-a20c-7bb16782262e with class loader jdk.internal.loader.ClassLoaders$AppClassLoader@e73f9ac 
Loaded from file:/C:/Users/nageswararao.seelam/.m2/repository/org/apache/derby/derby/10.14.2.0/derby-10.14.2.0.jar
java.vendor=Oracle Corporation
java.runtime.version=15.0.2+7-27
user.dir=C:\Workspace\Ecommerce\shop-api\shop-api
os.name=Windows 10
os.arch=amd64
os.version=10.0
derby.system.home=null
Database Class Loader started - derby.database.classpath=''
----------------------------------------------------------------
Tue Jul 13 19:40:28 IST 2021:
Shutting down instance 2ee40ce0-017a-9ff7-0ada-0000009bad88 on database directory memory:C:\Workspace\Ecommerce\shop-api\shop-api\921c7cfa-dfa3-48a8-a20c-7bb16782262e with class loader jdk.internal.loader.ClassLoaders$AppClassLoader@e73f9ac 
----------------------------------------------------------------
Tue Jul 13 19:40:32 IST 2021:
Booting Derby version The Apache Software Foundation - Apache Derby - 10.14.2.0 - (1828579): instance abd18d84-017a-9ff7-0ada-0000009bad88 
on database directory memory:C:\Workspace\Ecommerce\shop-api\shop-api\c2c3d14b-323a-46c4-acca-f52da2fee39b with class loader jdk.internal.loader.ClassLoaders$AppClassLoader@e73f9ac 
Loaded from file:/C:/Users/nageswararao.seelam/.m2/repository/org/apache/derby/derby/10.14.2.0/derby-10.14.2.0.jar
java.vendor=Oracle Corporation
java.runtime.version=15.0.2+7-27
user.dir=C:\Workspace\Ecommerce\shop-api\shop-api
os.name=Windows 10
os.arch=amd64
os.version=10.0
derby.system.home=null
Database Class Loader started - derby.database.classpath=''
----------------------------------------------------------------
Tue Jul 13 19:42:25 IST 2021:
Shutting down instance abd18d84-017a-9ff7-0ada-0000009bad88 on database directory memory:C:\Workspace\Ecommerce\shop-api\shop-api\c2c3d14b-323a-46c4-acca-f52da2fee39b with class loader jdk.internal.loader.ClassLoaders$AppClassLoader@e73f9ac 
----------------------------------------------------------------
Tue Jul 13 19:42:30 IST 2021:
Booting Derby version The Apache Software Foundation - Apache Derby - 10.14.2.0 - (1828579): instance 43030e28-017a-9ff7-0ada-0000009bad88 
on database directory memory:C:\Workspace\Ecommerce\shop-api\shop-api\0520a3e9-c752-4d40-872c-900ba994f0f6 with class loader jdk.internal.loader.ClassLoaders$AppClassLoader@e73f9ac 
Loaded from file:/C:/Users/nageswararao.seelam/.m2/repository/org/apache/derby/derby/10.14.2.0/derby-10.14.2.0.jar
java.vendor=Oracle Corporation
java.runtime.version=15.0.2+7-27
user.dir=C:\Workspace\Ecommerce\shop-api\shop-api
os.name=Windows 10
os.arch=amd64
os.version=10.0
derby.system.home=null
Database Class Loader started - derby.database.classpath=''
----------------------------------------------------------------
Tue Jul 13 19:43:32 IST 2021:
Shutting down instance 43030e28-017a-9ff7-0ada-0000009bad88 on database directory memory:C:\Workspace\Ecommerce\shop-api\shop-api\0520a3e9-c752-4d40-872c-900ba994f0f6 with class loader jdk.internal.loader.ClassLoaders$AppClassLoader@e73f9ac 
----------------------------------------------------------------
Tue Jul 13 19:43:37 IST 2021:
Booting Derby version The Apache Software Foundation - Apache Derby - 10.14.2.0 - (1828579): instance f4788ecc-017a-9ff7-0ada-0000009bad88 
on database directory memory:C:\Workspace\Ecommerce\shop-api\shop-api\9b011471-3047-4b37-81e9-42a066ee5c19 with class loader jdk.internal.loader.ClassLoaders$AppClassLoader@e73f9ac 
Loaded from file:/C:/Users/nageswararao.seelam/.m2/repository/org/apache/derby/derby/10.14.2.0/derby-10.14.2.0.jar
java.vendor=Oracle Corporation
java.runtime.version=15.0.2+7-27
user.dir=C:\Workspace\Ecommerce\shop-api\shop-api
os.name=Windows 10
os.arch=amd64
os.version=10.0
derby.system.home=null
Database Class Loader started - derby.database.classpath=''
----------------------------------------------------------------
Tue Jul 13 19:45:03 IST 2021:
Shutting down instance f4788ecc-017a-9ff7-0ada-0000009bad88 on database directory memory:C:\Workspace\Ecommerce\shop-api\shop-api\9b011471-3047-4b37-81e9-42a066ee5c19 with class loader jdk.internal.loader.ClassLoaders$AppClassLoader@e73f9ac 
----------------------------------------------------------------
Tue Jul 13 19:45:07 IST 2021:
Booting Derby version The Apache Software Foundation - Apache Derby - 10.14.2.0 - (1828579): instance c0320f70-017a-9ff7-0ada-0000009bad88 
on database directory memory:C:\Workspace\Ecommerce\shop-api\shop-api\b24d6741-0076-46a4-907e-132854803000 with class loader jdk.internal.loader.ClassLoaders$AppClassLoader@e73f9ac 
Loaded from file:/C:/Users/nageswararao.seelam/.m2/repository/org/apache/derby/derby/10.14.2.0/derby-10.14.2.0.jar
java.vendor=Oracle Corporation
java.runtime.version=15.0.2+7-27
user.dir=C:\Workspace\Ecommerce\shop-api\shop-api
os.name=Windows 10
os.arch=amd64
os.version=10.0
derby.system.home=null
Database Class Loader started - derby.database.classpath=''
----------------------------------------------------------------
Tue Jul 13 19:45:19 IST 2021:
Shutting down instance c0320f70-017a-9ff7-0ada-0000009bad88 on database directory memory:C:\Workspace\Ecommerce\shop-api\shop-api\b24d6741-0076-46a4-907e-132854803000 with class loader jdk.internal.loader.ClassLoaders$AppClassLoader@e73f9ac 
----------------------------------------------------------------
Tue Jul 13 19:45:24 IST 2021:
Booting Derby version The Apache Software Foundation - Apache Derby - 10.14.2.0 - (1828579): instance a62f9014-017a-9ff7-0ada-0000009bad88 
on database directory memory:C:\Workspace\Ecommerce\shop-api\shop-api\421ece90-bbfd-4970-9b3d-9d591e78a13e with class loader jdk.internal.loader.ClassLoaders$AppClassLoader@e73f9ac 
Loaded from file:/C:/Users/nageswararao.seelam/.m2/repository/org/apache/derby/derby/10.14.2.0/derby-10.14.2.0.jar
java.vendor=Oracle Corporation
java.runtime.version=15.0.2+7-27
user.dir=C:\Workspace\Ecommerce\shop-api\shop-api
os.name=Windows 10
os.arch=amd64
os.version=10.0
derby.system.home=null
Database Class Loader started - derby.database.classpath=''
----------------------------------------------------------------
Tue Jul 13 19:49:42 IST 2021:
Shutting down instance a62f9014-017a-9ff7-0ada-0000009bad88 on database directory memory:C:\Workspace\Ecommerce\shop-api\shop-api\421ece90-bbfd-4970-9b3d-9d591e78a13e with class loader jdk.internal.loader.ClassLoaders$AppClassLoader@e73f9ac 
----------------------------------------------------------------
Tue Jul 13 19:49:46 IST 2021:
Booting Derby version The Apache Software Foundation - Apache Derby - 10.14.2.0 - (1828579): instance a67110b8-017a-9ff7-0ada-0000009bad88 
on database directory memory:C:\Workspace\Ecommerce\shop-api\shop-api\24f8c8a3-0190-4cc0-8f81-34a1492eb22f with class loader jdk.internal.loader.ClassLoaders$AppClassLoader@e73f9ac 
Loaded from file:/C:/Users/nageswararao.seelam/.m2/repository/org/apache/derby/derby/10.14.2.0/derby-10.14.2.0.jar
java.vendor=Oracle Corporation
java.runtime.version=15.0.2+7-27
user.dir=C:\Workspace\Ecommerce\shop-api\shop-api
os.name=Windows 10
os.arch=amd64
os.version=10.0
derby.system.home=null
Database Class Loader started - derby.database.classpath=''
----------------------------------------------------------------
Tue Jul 13 19:54:41 IST 2021:
Shutting down instance a67110b8-017a-9ff7-0ada-0000009bad88 on database directory memory:C:\Workspace\Ecommerce\shop-api\shop-api\24f8c8a3-0190-4cc0-8f81-34a1492eb22f with class loader jdk.internal.loader.ClassLoaders$AppClassLoader@e73f9ac 
----------------------------------------------------------------
Tue Jul 13 19:54:45 IST 2021:
Booting Derby version The Apache Software Foundation - Apache Derby - 10.14.2.0 - (1828579): instance c0f6915c-017a-9ff7-0ada-0000009bad88 
on database directory memory:C:\Workspace\Ecommerce\shop-api\shop-api\c2bff791-cb29-4d13-89c0-cc7fbe767348 with class loader jdk.internal.loader.ClassLoaders$AppClassLoader@e73f9ac 
Loaded from file:/C:/Users/nageswararao.seelam/.m2/repository/org/apache/derby/derby/10.14.2.0/derby-10.14.2.0.jar
java.vendor=Oracle Corporation
java.runtime.version=15.0.2+7-27
user.dir=C:\Workspace\Ecommerce\shop-api\shop-api
os.name=Windows 10
os.arch=amd64
os.version=10.0
derby.system.home=null
Database Class Loader started - derby.database.classpath=''
----------------------------------------------------------------
Tue Jul 13 19:55:07 IST 2021:
Shutting down instance c0f6915c-017a-9ff7-0ada-0000009bad88 on database directory memory:C:\Workspace\Ecommerce\shop-api\shop-api\c2bff791-cb29-4d13-89c0-cc7fbe767348 with class loader jdk.internal.loader.ClassLoaders$AppClassLoader@e73f9ac 
----------------------------------------------------------------
Tue Jul 13 19:55:12 IST 2021:
Booting Derby version The Apache Software Foundation - Apache Derby - 10.14.2.0 - (1828579): instance f5c01200-017a-9ff7-0ada-0000009bad88 
on database directory memory:C:\Workspace\Ecommerce\shop-api\shop-api\876a77ae-a845-455b-b7fb-b7ddf1931791 with class loader jdk.internal.loader.ClassLoaders$AppClassLoader@e73f9ac 
Loaded from file:/C:/Users/nageswararao.seelam/.m2/repository/org/apache/derby/derby/10.14.2.0/derby-10.14.2.0.jar
java.vendor=Oracle Corporation
java.runtime.version=15.0.2+7-27
user.dir=C:\Workspace\Ecommerce\shop-api\shop-api
os.name=Windows 10
os.arch=amd64
os.version=10.0
derby.system.home=null
Database Class Loader started - derby.database.classpath=''
----------------------------------------------------------------
Tue Jul 13 19:55:53 IST 2021:
Shutting down instance f5c01200-017a-9ff7-0ada-0000009bad88 on database directory memory:C:\Workspace\Ecommerce\shop-api\shop-api\876a77ae-a845-455b-b7fb-b7ddf1931791 with class loader jdk.internal.loader.ClassLoaders$AppClassLoader@e73f9ac 
----------------------------------------------------------------
Tue Jul 13 19:55:58 IST 2021:
Booting Derby version The Apache Software Foundation - Apache Derby - 10.14.2.0 - (1828579): instance 44cd92a4-017a-9ff7-0ada-0000009bad88 
on database directory memory:C:\Workspace\Ecommerce\shop-api\shop-api\97ec8dbe-70f5-4d76-875e-d28d0f1ad76b with class loader jdk.internal.loader.ClassLoaders$AppClassLoader@e73f9ac 
Loaded from file:/C:/Users/nageswararao.seelam/.m2/repository/org/apache/derby/derby/10.14.2.0/derby-10.14.2.0.jar
java.vendor=Oracle Corporation
java.runtime.version=15.0.2+7-27
user.dir=C:\Workspace\Ecommerce\shop-api\shop-api
os.name=Windows 10
os.arch=amd64
os.version=10.0
derby.system.home=null
Database Class Loader started - derby.database.classpath=''
----------------------------------------------------------------
Tue Jul 13 19:57:50 IST 2021:
Shutting down instance 44cd92a4-017a-9ff7-0ada-0000009bad88 on database directory memory:C:\Workspace\Ecommerce\shop-api\shop-api\97ec8dbe-70f5-4d76-875e-d28d0f1ad76b with class loader jdk.internal.loader.ClassLoaders$AppClassLoader@e73f9ac 
----------------------------------------------------------------
Tue Jul 13 19:57:54 IST 2021:
Booting Derby version The Apache Software Foundation - Apache Derby - 10.14.2.0 - (1828579): instance ae1f1348-017a-9ff7-0ada-0000009bad88 
on database directory memory:C:\Workspace\Ecommerce\shop-api\shop-api\44c1dfe8-49c1-433d-ab56-a81e9ea3ddda with class loader jdk.internal.loader.ClassLoaders$AppClassLoader@e73f9ac 
Loaded from file:/C:/Users/nageswararao.seelam/.m2/repository/org/apache/derby/derby/10.14.2.0/derby-10.14.2.0.jar
java.vendor=Oracle Corporation
java.runtime.version=15.0.2+7-27
user.dir=C:\Workspace\Ecommerce\shop-api\shop-api
os.name=Windows 10
os.arch=amd64
os.version=10.0
derby.system.home=null
Database Class Loader started - derby.database.classpath=''
----------------------------------------------------------------
Tue Jul 13 20:22:01 IST 2021:
Shutting down instance ae1f1348-017a-9ff7-0ada-0000009bad88 on database directory memory:C:\Workspace\Ecommerce\shop-api\shop-api\44c1dfe8-49c1-433d-ab56-a81e9ea3ddda with class loader jdk.internal.loader.ClassLoaders$AppClassLoader@e73f9ac 
----------------------------------------------------------------
Tue Jul 13 20:22:06 IST 2021:
Booting Derby version The Apache Software Foundation - Apache Derby - 10.14.2.0 - (1828579): instance 31b493ec-017a-9ff7-0ada-0000009bad88 
on database directory memory:C:\Workspace\Ecommerce\shop-api\shop-api\c5871192-965f-4200-8215-cc55f6734d72 with class loader jdk.internal.loader.ClassLoaders$AppClassLoader@e73f9ac 
Loaded from file:/C:/Users/nageswararao.seelam/.m2/repository/org/apache/derby/derby/10.14.2.0/derby-10.14.2.0.jar
java.vendor=Oracle Corporation
java.runtime.version=15.0.2+7-27
user.dir=C:\Workspace\Ecommerce\shop-api\shop-api
os.name=Windows 10
os.arch=amd64
os.version=10.0
derby.system.home=null
Database Class Loader started - derby.database.classpath=''
----------------------------------------------------------------
Tue Jul 13 20:22:49 IST 2021:
Shutting down instance 31b493ec-017a-9ff7-0ada-0000009bad88 on database directory memory:C:\Workspace\Ecommerce\shop-api\shop-api\c5871192-965f-4200-8215-cc55f6734d72 with class loader jdk.internal.loader.ClassLoaders$AppClassLoader@e73f9ac 
----------------------------------------------------------------
Tue Jul 13 20:22:53 IST 2021:
Booting Derby version The Apache Software Foundation - Apache Derby - 10.14.2.0 - (1828579): instance cf8e1490-017a-9ff7-0ada-0000009bad88 
on database directory memory:C:\Workspace\Ecommerce\shop-api\shop-api\1002bb70-dbb3-42f9-b9ea-2de62ef94063 with class loader jdk.internal.loader.ClassLoaders$AppClassLoader@e73f9ac 
Loaded from file:/C:/Users/nageswararao.seelam/.m2/repository/org/apache/derby/derby/10.14.2.0/derby-10.14.2.0.jar
java.vendor=Oracle Corporation
java.runtime.version=15.0.2+7-27
user.dir=C:\Workspace\Ecommerce\shop-api\shop-api
os.name=Windows 10
os.arch=amd64
os.version=10.0
derby.system.home=null
Database Class Loader started - derby.database.classpath=''
----------------------------------------------------------------
Tue Jul 13 20:24:15 IST 2021:
Shutting down instance cf8e1490-017a-9ff7-0ada-0000009bad88 on database directory memory:C:\Workspace\Ecommerce\shop-api\shop-api\1002bb70-dbb3-42f9-b9ea-2de62ef94063 with class loader jdk.internal.loader.ClassLoaders$AppClassLoader@e73f9ac 
----------------------------------------------------------------
Tue Jul 13 20:24:19 IST 2021:
Booting Derby version The Apache Software Foundation - Apache Derby - 10.14.2.0 - (1828579): instance 87ab9534-017a-9ff7-0ada-0000009bad88 
on database directory memory:C:\Workspace\Ecommerce\shop-api\shop-api\ec3913cb-1de7-494d-9974-0652901b5d93 with class loader jdk.internal.loader.ClassLoaders$AppClassLoader@e73f9ac 
Loaded from file:/C:/Users/nageswararao.seelam/.m2/repository/org/apache/derby/derby/10.14.2.0/derby-10.14.2.0.jar
java.vendor=Oracle Corporation
java.runtime.version=15.0.2+7-27
user.dir=C:\Workspace\Ecommerce\shop-api\shop-api
os.name=Windows 10
os.arch=amd64
os.version=10.0
derby.system.home=null
Database Class Loader started - derby.database.classpath=''
----------------------------------------------------------------
Tue Jul 13 20:25:31 IST 2021:
Shutting down instance 87ab9534-017a-9ff7-0ada-0000009bad88 on database directory memory:C:\Workspace\Ecommerce\shop-api\shop-api\ec3913cb-1de7-494d-9974-0652901b5d93 with class loader jdk.internal.loader.ClassLoaders$AppClassLoader@e73f9ac 
----------------------------------------------------------------
Tue Jul 13 20:25:35 IST 2021:
Booting Derby version The Apache Software Foundation - Apache Derby - 10.14.2.0 - (1828579): instance 5a0d15d8-017a-9ff7-0ada-0000009bad88 
on database directory memory:C:\Workspace\Ecommerce\shop-api\shop-api\7037e92c-5e99-4ce0-89ee-1f7d7bdf6f80 with class loader jdk.internal.loader.ClassLoaders$AppClassLoader@e73f9ac 
Loaded from file:/C:/Users/nageswararao.seelam/.m2/repository/org/apache/derby/derby/10.14.2.0/derby-10.14.2.0.jar
java.vendor=Oracle Corporation
java.runtime.version=15.0.2+7-27
user.dir=C:\Workspace\Ecommerce\shop-api\shop-api
os.name=Windows 10
os.arch=amd64
os.version=10.0
derby.system.home=null
Database Class Loader started - derby.database.classpath=''
----------------------------------------------------------------
Tue Jul 13 20:28:29 IST 2021:
Shutting down instance 5a0d15d8-017a-9ff7-0ada-0000009bad88 on database directory memory:C:\Workspace\Ecommerce\shop-api\shop-api\7037e92c-5e99-4ce0-89ee-1f7d7bdf6f80 with class loader jdk.internal.loader.ClassLoaders$AppClassLoader@e73f9ac 
----------------------------------------------------------------
Tue Jul 13 20:28:33 IST 2021:
Booting Derby version The Apache Software Foundation - Apache Derby - 10.14.2.0 - (1828579): instance 46b2967c-017a-9ff7-0ada-0000009bad88 
on database directory memory:C:\Workspace\Ecommerce\shop-api\shop-api\2343baf8-c618-4f07-aa88-d5dd7ed545bd with class loader jdk.internal.loader.ClassLoaders$AppClassLoader@e73f9ac 
Loaded from file:/C:/Users/nageswararao.seelam/.m2/repository/org/apache/derby/derby/10.14.2.0/derby-10.14.2.0.jar
java.vendor=Oracle Corporation
java.runtime.version=15.0.2+7-27
user.dir=C:\Workspace\Ecommerce\shop-api\shop-api
os.name=Windows 10
os.arch=amd64
os.version=10.0
derby.system.home=null
Database Class Loader started - derby.database.classpath=''
----------------------------------------------------------------
Tue Jul 13 20:33:11 IST 2021:
Shutting down instance 46b2967c-017a-9ff7-0ada-0000009bad88 on database directory memory:C:\Workspace\Ecommerce\shop-api\shop-api\2343baf8-c618-4f07-aa88-d5dd7ed545bd with class loader jdk.internal.loader.ClassLoaders$AppClassLoader@e73f9ac 
----------------------------------------------------------------
Tue Jul 13 20:33:15 IST 2021:
Booting Derby version The Apache Software Foundation - Apache Derby - 10.14.2.0 - (1828579): instance 4d9c1720-017a-9ff7-0ada-0000009bad88 
on database directory memory:C:\Workspace\Ecommerce\shop-api\shop-api\b0486046-a3c3-4a52-afc6-af76aebdbb1e with class loader jdk.internal.loader.ClassLoaders$AppClassLoader@e73f9ac 
Loaded from file:/C:/Users/nageswararao.seelam/.m2/repository/org/apache/derby/derby/10.14.2.0/derby-10.14.2.0.jar
java.vendor=Oracle Corporation
java.runtime.version=15.0.2+7-27
user.dir=C:\Workspace\Ecommerce\shop-api\shop-api
os.name=Windows 10
os.arch=amd64
os.version=10.0
derby.system.home=null
Database Class Loader started - derby.database.classpath=''
----------------------------------------------------------------
Tue Jul 13 20:59:11 IST 2021:
Shutting down instance 4d9c1720-017a-9ff7-0ada-0000009bad88 on database directory memory:C:\Workspace\Ecommerce\shop-api\shop-api\b0486046-a3c3-4a52-afc6-af76aebdbb1e with class loader jdk.internal.loader.ClassLoaders$AppClassLoader@e73f9ac 
----------------------------------------------------------------
Tue Jul 13 20:59:15 IST 2021:
Booting Derby version The Apache Software Foundation - Apache Derby - 10.14.2.0 - (1828579): instance 6ec997c4-017a-9ff7-0ada-0000009bad88 
on database directory memory:C:\Workspace\Ecommerce\shop-api\shop-api\005b941c-fd38-40d2-8959-6917911d593e with class loader jdk.internal.loader.ClassLoaders$AppClassLoader@e73f9ac 
Loaded from file:/C:/Users/nageswararao.seelam/.m2/repository/org/apache/derby/derby/10.14.2.0/derby-10.14.2.0.jar
java.vendor=Oracle Corporation
java.runtime.version=15.0.2+7-27
user.dir=C:\Workspace\Ecommerce\shop-api\shop-api
os.name=Windows 10
os.arch=amd64
os.version=10.0
derby.system.home=null
Database Class Loader started - derby.database.classpath=''
----------------------------------------------------------------
Tue Jul 13 20:59:36 IST 2021:
Shutting down instance 6ec997c4-017a-9ff7-0ada-0000009bad88 on database directory memory:C:\Workspace\Ecommerce\shop-api\shop-api\005b941c-fd38-40d2-8959-6917911d593e with class loader jdk.internal.loader.ClassLoaders$AppClassLoader@e73f9ac 
----------------------------------------------------------------
Tue Jul 13 20:59:40 IST 2021:
Booting Derby version The Apache Software Foundation - Apache Derby - 10.14.2.0 - (1828579): instance aa3b1868-017a-9ff7-0ada-0000009bad88 
on database directory memory:C:\Workspace\Ecommerce\shop-api\shop-api\9a999730-da83-4a29-a208-0ba28fbe89d7 with class loader jdk.internal.loader.ClassLoaders$AppClassLoader@e73f9ac 
Loaded from file:/C:/Users/nageswararao.seelam/.m2/repository/org/apache/derby/derby/10.14.2.0/derby-10.14.2.0.jar
java.vendor=Oracle Corporation
java.runtime.version=15.0.2+7-27
user.dir=C:\Workspace\Ecommerce\shop-api\shop-api
os.name=Windows 10
os.arch=amd64
os.version=10.0
derby.system.home=null
Database Class Loader started - derby.database.classpath=''
----------------------------------------------------------------
Tue Jul 13 21:00:45 IST 2021:
Shutting down instance aa3b1868-017a-9ff7-0ada-0000009bad88 on database directory memory:C:\Workspace\Ecommerce\shop-api\shop-api\9a999730-da83-4a29-a208-0ba28fbe89d7 with class loader jdk.internal.loader.ClassLoaders$AppClassLoader@e73f9ac 
----------------------------------------------------------------
Tue Jul 13 21:00:50 IST 2021:
Booting Derby version The Apache Software Foundation - Apache Derby - 10.14.2.0 - (1828579): instance fff0990c-017a-9ff7-0ada-0000009bad88 
on database directory memory:C:\Workspace\Ecommerce\shop-api\shop-api\a7a8268c-33fc-4a4c-99af-d488fcde2320 with class loader jdk.internal.loader.ClassLoaders$AppClassLoader@e73f9ac 
Loaded from file:/C:/Users/nageswararao.seelam/.m2/repository/org/apache/derby/derby/10.14.2.0/derby-10.14.2.0.jar
java.vendor=Oracle Corporation
java.runtime.version=15.0.2+7-27
user.dir=C:\Workspace\Ecommerce\shop-api\shop-api
os.name=Windows 10
os.arch=amd64
os.version=10.0
derby.system.home=null
Database Class Loader started - derby.database.classpath=''
----------------------------------------------------------------
Tue Jul 13 21:55:14 IST 2021:
Shutting down instance fff0990c-017a-9ff7-0ada-0000009bad88 on database directory memory:C:\Workspace\Ecommerce\shop-api\shop-api\a7a8268c-33fc-4a4c-99af-d488fcde2320 with class loader jdk.internal.loader.ClassLoaders$AppClassLoader@e73f9ac 
----------------------------------------------------------------
Tue Jul 13 21:55:19 IST 2021:
Booting Derby version The Apache Software Foundation - Apache Derby - 10.14.2.0 - (1828579): instance 6fea19b0-017a-9ff7-0ada-0000009bad88 
on database directory memory:C:\Workspace\Ecommerce\shop-api\shop-api\7c8a5c08-c6aa-4e7b-b720-760e1b609676 with class loader jdk.internal.loader.ClassLoaders$AppClassLoader@e73f9ac 
Loaded from file:/C:/Users/nageswararao.seelam/.m2/repository/org/apache/derby/derby/10.14.2.0/derby-10.14.2.0.jar
java.vendor=Oracle Corporation
java.runtime.version=15.0.2+7-27
user.dir=C:\Workspace\Ecommerce\shop-api\shop-api
os.name=Windows 10
os.arch=amd64
os.version=10.0
derby.system.home=null
Database Class Loader started - derby.database.classpath=''
