----------------------------------------------------------------
Tue Jul 13 17:42:46 IST 2021:
Booting Derby version The Apache Software Foundation - Apache Derby - 10.14.2.0 - (1828579): instance a816c00e-017a-9fc8-aa92-0000030e11a0 
on database directory memory:C:\Workspace\Ecommerce\order-api\order-api\292f3fab-95e1-4307-97ab-033916e4c301 with class loader jdk.internal.loader.ClassLoaders$AppClassLoader@e73f9ac 
Loaded from file:/C:/Users/nageswararao.seelam/.m2/repository/org/apache/derby/derby/10.14.2.0/derby-10.14.2.0.jar
java.vendor=Oracle Corporation
java.runtime.version=15.0.2+7-27
user.dir=C:\Workspace\Ecommerce\order-api\order-api
os.name=Windows 10
os.arch=amd64
os.version=10.0
derby.system.home=null
Database Class Loader started - derby.database.classpath=''
----------------------------------------------------------------
Tue Jul 13 18:26:44 IST 2021:
Shutting down instance a816c00e-017a-9fc8-aa92-0000030e11a0 on database directory memory:C:\Workspace\Ecommerce\order-api\order-api\292f3fab-95e1-4307-97ab-033916e4c301 with class loader jdk.internal.loader.ClassLoaders$AppClassLoader@e73f9ac 
----------------------------------------------------------------
Tue Jul 13 18:26:49 IST 2021:
Booting Derby version The Apache Software Foundation - Apache Derby - 10.14.2.0 - (1828579): instance 247a40f2-017a-9fc8-aa92-0000030e11a0 
on database directory memory:C:\Workspace\Ecommerce\order-api\order-api\e748acd2-3efe-43a4-b320-55b6ba0487f4 with class loader jdk.internal.loader.ClassLoaders$AppClassLoader@e73f9ac 
Loaded from file:/C:/Users/nageswararao.seelam/.m2/repository/org/apache/derby/derby/10.14.2.0/derby-10.14.2.0.jar
java.vendor=Oracle Corporation
java.runtime.version=15.0.2+7-27
user.dir=C:\Workspace\Ecommerce\order-api\order-api
os.name=Windows 10
os.arch=amd64
os.version=10.0
derby.system.home=null
Database Class Loader started - derby.database.classpath=''
----------------------------------------------------------------
Tue Jul 13 18:27:03 IST 2021:
Shutting down instance 247a40f2-017a-9fc8-aa92-0000030e11a0 on database directory memory:C:\Workspace\Ecommerce\order-api\order-api\e748acd2-3efe-43a4-b320-55b6ba0487f4 with class loader jdk.internal.loader.ClassLoaders$AppClassLoader@e73f9ac 
----------------------------------------------------------------
Tue Jul 13 18:27:07 IST 2021:
Booting Derby version The Apache Software Foundation - Apache Derby - 10.14.2.0 - (1828579): instance e95a01d1-017a-9fc8-aa92-0000030e11a0 
on database directory memory:C:\Workspace\Ecommerce\order-api\order-api\d8db1ccc-330d-4bec-99d6-e360e8f9f774 with class loader jdk.internal.loader.ClassLoaders$AppClassLoader@e73f9ac 
Loaded from file:/C:/Users/nageswararao.seelam/.m2/repository/org/apache/derby/derby/10.14.2.0/derby-10.14.2.0.jar
java.vendor=Oracle Corporation
java.runtime.version=15.0.2+7-27
user.dir=C:\Workspace\Ecommerce\order-api\order-api
os.name=Windows 10
os.arch=amd64
os.version=10.0
derby.system.home=null
Database Class Loader started - derby.database.classpath=''
----------------------------------------------------------------
Tue Jul 13 19:59:45 IST 2021:
Shutting down instance e95a01d1-017a-9fc8-aa92-0000030e11a0 on database directory memory:C:\Workspace\Ecommerce\order-api\order-api\d8db1ccc-330d-4bec-99d6-e360e8f9f774 with class loader jdk.internal.loader.ClassLoaders$AppClassLoader@e73f9ac 
----------------------------------------------------------------
Tue Jul 13 19:59:49 IST 2021:
Booting Derby version The Apache Software Foundation - Apache Derby - 10.14.2.0 - (1828579): instance 417b82b4-017a-9fc8-aa92-0000030e11a0 
on database directory memory:C:\Workspace\Ecommerce\order-api\order-api\1df337c8-1da9-48bc-b2ea-dbf6f8aeda2c with class loader jdk.internal.loader.ClassLoaders$AppClassLoader@e73f9ac 
Loaded from file:/C:/Users/nageswararao.seelam/.m2/repository/org/apache/derby/derby/10.14.2.0/derby-10.14.2.0.jar
java.vendor=Oracle Corporation
java.runtime.version=15.0.2+7-27
user.dir=C:\Workspace\Ecommerce\order-api\order-api
os.name=Windows 10
os.arch=amd64
os.version=10.0
derby.system.home=null
Database Class Loader started - derby.database.classpath=''
----------------------------------------------------------------
Tue Jul 13 19:59:49 IST 2021:
Shutting down instance 417b82b4-017a-9fc8-aa92-0000030e11a0 on database directory memory:C:\Workspace\Ecommerce\order-api\order-api\1df337c8-1da9-48bc-b2ea-dbf6f8aeda2c with class loader jdk.internal.loader.ClassLoaders$AppClassLoader@e73f9ac 
----------------------------------------------------------------
Tue Jul 13 19:59:50 IST 2021:
Booting Derby version The Apache Software Foundation - Apache Derby - 10.14.2.0 - (1828579): instance 385ac393-017a-9fc8-aa92-0000030e11a0 
on database directory memory:C:\Workspace\Ecommerce\order-api\order-api\1df337c8-1da9-48bc-b2ea-dbf6f8aeda2c with class loader jdk.internal.loader.ClassLoaders$AppClassLoader@e73f9ac 
Loaded from file:/C:/Users/nageswararao.seelam/.m2/repository/org/apache/derby/derby/10.14.2.0/derby-10.14.2.0.jar
java.vendor=Oracle Corporation
java.runtime.version=15.0.2+7-27
user.dir=C:\Workspace\Ecommerce\order-api\order-api
os.name=Windows 10
os.arch=amd64
os.version=10.0
derby.system.home=null
Database Class Loader started - derby.database.classpath=''
----------------------------------------------------------------
Tue Jul 13 19:59:55 IST 2021:
Booting Derby version The Apache Software Foundation - Apache Derby - 10.14.2.0 - (1828579): instance f13f8394-017a-9fc8-aa92-0000030e11a0 
on database directory memory:C:\Workspace\Ecommerce\order-api\order-api\cf1f91aa-4612-4bf7-9673-17981fba1898 with class loader jdk.internal.loader.ClassLoaders$AppClassLoader@e73f9ac 
Loaded from file:/C:/Users/nageswararao.seelam/.m2/repository/org/apache/derby/derby/10.14.2.0/derby-10.14.2.0.jar
java.vendor=Oracle Corporation
java.runtime.version=15.0.2+7-27
user.dir=C:\Workspace\Ecommerce\order-api\order-api
os.name=Windows 10
os.arch=amd64
os.version=10.0
derby.system.home=null
Database Class Loader started - derby.database.classpath=''
----------------------------------------------------------------
Tue Jul 13 20:44:50 IST 2021:
Shutting down instance f13f8394-017a-9fc8-aa92-0000030e11a0 on database directory memory:C:\Workspace\Ecommerce\order-api\order-api\cf1f91aa-4612-4bf7-9673-17981fba1898 with class loader jdk.internal.loader.ClassLoaders$AppClassLoader@e73f9ac 
----------------------------------------------------------------
Tue Jul 13 20:44:55 IST 2021:
Booting Derby version The Apache Software Foundation - Apache Derby - 10.14.2.0 - (1828579): instance d2038474-017a-9fc8-aa92-0000030e11a0 
on database directory memory:C:\Workspace\Ecommerce\order-api\order-api\9b5282d8-7e6b-4a22-bfc2-54eaf32bf6e8 with class loader jdk.internal.loader.ClassLoaders$AppClassLoader@e73f9ac 
Loaded from file:/C:/Users/nageswararao.seelam/.m2/repository/org/apache/derby/derby/10.14.2.0/derby-10.14.2.0.jar
java.vendor=Oracle Corporation
java.runtime.version=15.0.2+7-27
user.dir=C:\Workspace\Ecommerce\order-api\order-api
os.name=Windows 10
os.arch=amd64
os.version=10.0
derby.system.home=null
Database Class Loader started - derby.database.classpath=''
----------------------------------------------------------------
Tue Jul 13 20:47:26 IST 2021:
Shutting down instance d2038474-017a-9fc8-aa92-0000030e11a0 on database directory memory:C:\Workspace\Ecommerce\order-api\order-api\9b5282d8-7e6b-4a22-bfc2-54eaf32bf6e8 with class loader jdk.internal.loader.ClassLoaders$AppClassLoader@e73f9ac 
----------------------------------------------------------------
Tue Jul 13 20:47:31 IST 2021:
Booting Derby version The Apache Software Foundation - Apache Derby - 10.14.2.0 - (1828579): instance 2a72c553-017a-9fc8-aa92-0000030e11a0 
on database directory memory:C:\Workspace\Ecommerce\order-api\order-api\f047947a-3594-43f7-83a6-c3294562f36a with class loader jdk.internal.loader.ClassLoaders$AppClassLoader@e73f9ac 
Loaded from file:/C:/Users/nageswararao.seelam/.m2/repository/org/apache/derby/derby/10.14.2.0/derby-10.14.2.0.jar
java.vendor=Oracle Corporation
java.runtime.version=15.0.2+7-27
user.dir=C:\Workspace\Ecommerce\order-api\order-api
os.name=Windows 10
os.arch=amd64
os.version=10.0
derby.system.home=null
Database Class Loader started - derby.database.classpath=''
----------------------------------------------------------------
Tue Jul 13 21:19:24 IST 2021:
Shutting down instance 2a72c553-017a-9fc8-aa92-0000030e11a0 on database directory memory:C:\Workspace\Ecommerce\order-api\order-api\f047947a-3594-43f7-83a6-c3294562f36a with class loader jdk.internal.loader.ClassLoaders$AppClassLoader@e73f9ac 
----------------------------------------------------------------
Tue Jul 13 21:19:28 IST 2021:
Booting Derby version The Apache Software Foundation - Apache Derby - 10.14.2.0 - (1828579): instance 6cfec633-017a-9fc8-aa92-0000030e11a0 
on database directory memory:C:\Workspace\Ecommerce\order-api\order-api\c7deaf71-0ff4-4667-af5b-09b96f7d5d02 with class loader jdk.internal.loader.ClassLoaders$AppClassLoader@e73f9ac 
Loaded from file:/C:/Users/nageswararao.seelam/.m2/repository/org/apache/derby/derby/10.14.2.0/derby-10.14.2.0.jar
java.vendor=Oracle Corporation
java.runtime.version=15.0.2+7-27
user.dir=C:\Workspace\Ecommerce\order-api\order-api
os.name=Windows 10
os.arch=amd64
os.version=10.0
derby.system.home=null
Database Class Loader started - derby.database.classpath=''
----------------------------------------------------------------
Tue Jul 13 21:48:07 IST 2021:
Shutting down instance 6cfec633-017a-9fc8-aa92-0000030e11a0 on database directory memory:C:\Workspace\Ecommerce\order-api\order-api\c7deaf71-0ff4-4667-af5b-09b96f7d5d02 with class loader jdk.internal.loader.ClassLoaders$AppClassLoader@e73f9ac 
----------------------------------------------------------------
Tue Jul 13 21:48:12 IST 2021:
Booting Derby version The Apache Software Foundation - Apache Derby - 10.14.2.0 - (1828579): instance 199ec733-017a-9fc8-aa92-0000030e11a0 
on database directory memory:C:\Workspace\Ecommerce\order-api\order-api\222a0532-db8a-4bd7-966c-c5a273c0b00a with class loader jdk.internal.loader.ClassLoaders$AppClassLoader@e73f9ac 
Loaded from file:/C:/Users/nageswararao.seelam/.m2/repository/org/apache/derby/derby/10.14.2.0/derby-10.14.2.0.jar
java.vendor=Oracle Corporation
java.runtime.version=15.0.2+7-27
user.dir=C:\Workspace\Ecommerce\order-api\order-api
os.name=Windows 10
os.arch=amd64
os.version=10.0
derby.system.home=null
Database Class Loader started - derby.database.classpath=''
----------------------------------------------------------------
Tue Jul 13 21:48:20 IST 2021:
Shutting down instance 199ec733-017a-9fc8-aa92-0000030e11a0 on database directory memory:C:\Workspace\Ecommerce\order-api\order-api\222a0532-db8a-4bd7-966c-c5a273c0b00a with class loader jdk.internal.loader.ClassLoaders$AppClassLoader@e73f9ac 
----------------------------------------------------------------
Tue Jul 13 21:48:24 IST 2021:
Booting Derby version The Apache Software Foundation - Apache Derby - 10.14.2.0 - (1828579): instance 2b264812-017a-9fc8-aa92-0000030e11a0 
on database directory memory:C:\Workspace\Ecommerce\order-api\order-api\bbc45928-8cd3-4776-9c34-0ef56d103f65 with class loader jdk.internal.loader.ClassLoaders$AppClassLoader@e73f9ac 
Loaded from file:/C:/Users/nageswararao.seelam/.m2/repository/org/apache/derby/derby/10.14.2.0/derby-10.14.2.0.jar
java.vendor=Oracle Corporation
java.runtime.version=15.0.2+7-27
user.dir=C:\Workspace\Ecommerce\order-api\order-api
os.name=Windows 10
os.arch=amd64
os.version=10.0
derby.system.home=null
Database Class Loader started - derby.database.classpath=''
