----------------------------------------------------------------
Tue Jul 13 17:39:18 IST 2021:
Booting Derby version The Apache Software Foundation - Apache Derby - 10.14.2.0 - (1828579): instance a816c00e-017a-9fc5-7e05-000005ca7df0 
on database directory memory:C:\Workspace\Ecommerce\product-api\product-api\1a5bf800-b3a6-4390-9a6b-cd89392f87ee with class loader jdk.internal.loader.ClassLoaders$AppClassLoader@e73f9ac 
Loaded from file:/C:/Users/nageswararao.seelam/.m2/repository/org/apache/derby/derby/10.14.2.0/derby-10.14.2.0.jar
java.vendor=Oracle Corporation
java.runtime.version=15.0.2+7-27
user.dir=C:\Workspace\Ecommerce\product-api\product-api
os.name=Windows 10
os.arch=amd64
os.version=10.0
derby.system.home=null
Database Class Loader started - derby.database.classpath=''
----------------------------------------------------------------
Tue Jul 13 17:40:04 IST 2021:
Shutting down instance a816c00e-017a-9fc5-7e05-000005ca7df0 on database directory memory:C:\Workspace\Ecommerce\product-api\product-api\1a5bf800-b3a6-4390-9a6b-cd89392f87ee with class loader jdk.internal.loader.ClassLoaders$AppClassLoader@e73f9ac 
----------------------------------------------------------------
Tue Jul 13 17:40:08 IST 2021:
Booting Derby version The Apache Software Foundation - Apache Derby - 10.14.2.0 - (1828579): instance a0d440e2-017a-9fc5-7e05-000005ca7df0 
on database directory memory:C:\Workspace\Ecommerce\product-api\product-api\0068fb3f-fd35-450a-9117-dd136ca36a52 with class loader jdk.internal.loader.ClassLoaders$AppClassLoader@e73f9ac 
Loaded from file:/C:/Users/nageswararao.seelam/.m2/repository/org/apache/derby/derby/10.14.2.0/derby-10.14.2.0.jar
java.vendor=Oracle Corporation
java.runtime.version=15.0.2+7-27
user.dir=C:\Workspace\Ecommerce\product-api\product-api
os.name=Windows 10
os.arch=amd64
os.version=10.0
derby.system.home=null
Database Class Loader started - derby.database.classpath=''
----------------------------------------------------------------
Tue Jul 13 18:25:24 IST 2021:
Shutting down instance a0d440e2-017a-9fc5-7e05-000005ca7df0 on database directory memory:C:\Workspace\Ecommerce\product-api\product-api\0068fb3f-fd35-450a-9117-dd136ca36a52 with class loader jdk.internal.loader.ClassLoaders$AppClassLoader@e73f9ac 
----------------------------------------------------------------
Tue Jul 13 18:25:29 IST 2021:
Booting Derby version The Apache Software Foundation - Apache Derby - 10.14.2.0 - (1828579): instance 3de341b7-017a-9fc5-7e05-000005ca7df0 
on database directory memory:C:\Workspace\Ecommerce\product-api\product-api\c33160b0-1185-4571-a9ae-1c91cf067b63 with class loader jdk.internal.loader.ClassLoaders$AppClassLoader@e73f9ac 
Loaded from file:/C:/Users/nageswararao.seelam/.m2/repository/org/apache/derby/derby/10.14.2.0/derby-10.14.2.0.jar
java.vendor=Oracle Corporation
java.runtime.version=15.0.2+7-27
user.dir=C:\Workspace\Ecommerce\product-api\product-api
os.name=Windows 10
os.arch=amd64
os.version=10.0
derby.system.home=null
Database Class Loader started - derby.database.classpath=''
----------------------------------------------------------------
Tue Jul 13 18:26:13 IST 2021:
Shutting down instance 3de341b7-017a-9fc5-7e05-000005ca7df0 on database directory memory:C:\Workspace\Ecommerce\product-api\product-api\c33160b0-1185-4571-a9ae-1c91cf067b63 with class loader jdk.internal.loader.ClassLoaders$AppClassLoader@e73f9ac 
----------------------------------------------------------------
Tue Jul 13 18:26:18 IST 2021:
Booting Derby version The Apache Software Foundation - Apache Derby - 10.14.2.0 - (1828579): instance ee9dc28b-017a-9fc5-7e05-000005ca7df0 
on database directory memory:C:\Workspace\Ecommerce\product-api\product-api\d2e8ef1e-776f-4e4b-899b-ac71eeaf3b08 with class loader jdk.internal.loader.ClassLoaders$AppClassLoader@e73f9ac 
Loaded from file:/C:/Users/nageswararao.seelam/.m2/repository/org/apache/derby/derby/10.14.2.0/derby-10.14.2.0.jar
java.vendor=Oracle Corporation
java.runtime.version=15.0.2+7-27
user.dir=C:\Workspace\Ecommerce\product-api\product-api
os.name=Windows 10
os.arch=amd64
os.version=10.0
derby.system.home=null
Database Class Loader started - derby.database.classpath=''
----------------------------------------------------------------
Tue Jul 13 18:31:43 IST 2021:
Shutting down instance ee9dc28b-017a-9fc5-7e05-000005ca7df0 on database directory memory:C:\Workspace\Ecommerce\product-api\product-api\d2e8ef1e-776f-4e4b-899b-ac71eeaf3b08 with class loader jdk.internal.loader.ClassLoaders$AppClassLoader@e73f9ac 
----------------------------------------------------------------
Tue Jul 13 18:31:48 IST 2021:
Booting Derby version The Apache Software Foundation - Apache Derby - 10.14.2.0 - (1828579): instance cb3c435f-017a-9fc5-7e05-000005ca7df0 
on database directory memory:C:\Workspace\Ecommerce\product-api\product-api\8a7c3619-a1d4-40c9-806c-1e96df64b743 with class loader jdk.internal.loader.ClassLoaders$AppClassLoader@e73f9ac 
Loaded from file:/C:/Users/nageswararao.seelam/.m2/repository/org/apache/derby/derby/10.14.2.0/derby-10.14.2.0.jar
java.vendor=Oracle Corporation
java.runtime.version=15.0.2+7-27
user.dir=C:\Workspace\Ecommerce\product-api\product-api
os.name=Windows 10
os.arch=amd64
os.version=10.0
derby.system.home=null
Database Class Loader started - derby.database.classpath=''
----------------------------------------------------------------
Tue Jul 13 19:58:57 IST 2021:
Shutting down instance cb3c435f-017a-9fc5-7e05-000005ca7df0 on database directory memory:C:\Workspace\Ecommerce\product-api\product-api\8a7c3619-a1d4-40c9-806c-1e96df64b743 with class loader jdk.internal.loader.ClassLoaders$AppClassLoader@e73f9ac 
----------------------------------------------------------------
Tue Jul 13 19:59:01 IST 2021:
Booting Derby version The Apache Software Foundation - Apache Derby - 10.14.2.0 - (1828579): instance f1010438-017a-9fc5-7e05-000005ca7df0 
on database directory memory:C:\Workspace\Ecommerce\product-api\product-api\e7b42bfe-614d-43ed-b1e2-1bedd54eb7d0 with class loader jdk.internal.loader.ClassLoaders$AppClassLoader@e73f9ac 
Loaded from file:/C:/Users/nageswararao.seelam/.m2/repository/org/apache/derby/derby/10.14.2.0/derby-10.14.2.0.jar
java.vendor=Oracle Corporation
java.runtime.version=15.0.2+7-27
user.dir=C:\Workspace\Ecommerce\product-api\product-api
os.name=Windows 10
os.arch=amd64
os.version=10.0
derby.system.home=null
Database Class Loader started - derby.database.classpath=''
----------------------------------------------------------------
Tue Jul 13 19:59:27 IST 2021:
Shutting down instance f1010438-017a-9fc5-7e05-000005ca7df0 on database directory memory:C:\Workspace\Ecommerce\product-api\product-api\e7b42bfe-614d-43ed-b1e2-1bedd54eb7d0 with class loader jdk.internal.loader.ClassLoaders$AppClassLoader@e73f9ac 
----------------------------------------------------------------
Tue Jul 13 19:59:31 IST 2021:
Booting Derby version The Apache Software Foundation - Apache Derby - 10.14.2.0 - (1828579): instance c670850c-017a-9fc5-7e05-000005ca7df0 
on database directory memory:C:\Workspace\Ecommerce\product-api\product-api\72b6a498-2b9a-46be-bf99-c7625dc0bd65 with class loader jdk.internal.loader.ClassLoaders$AppClassLoader@e73f9ac 
Loaded from file:/C:/Users/nageswararao.seelam/.m2/repository/org/apache/derby/derby/10.14.2.0/derby-10.14.2.0.jar
java.vendor=Oracle Corporation
java.runtime.version=15.0.2+7-27
user.dir=C:\Workspace\Ecommerce\product-api\product-api
os.name=Windows 10
os.arch=amd64
os.version=10.0
derby.system.home=null
Database Class Loader started - derby.database.classpath=''
----------------------------------------------------------------
Tue Jul 13 20:34:51 IST 2021:
Shutting down instance c670850c-017a-9fc5-7e05-000005ca7df0 on database directory memory:C:\Workspace\Ecommerce\product-api\product-api\72b6a498-2b9a-46be-bf99-c7625dc0bd65 with class loader jdk.internal.loader.ClassLoaders$AppClassLoader@e73f9ac 
----------------------------------------------------------------
Tue Jul 13 20:34:55 IST 2021:
Booting Derby version The Apache Software Foundation - Apache Derby - 10.14.2.0 - (1828579): instance d13c05e1-017a-9fc5-7e05-000005ca7df0 
on database directory memory:C:\Workspace\Ecommerce\product-api\product-api\2357c222-a4e4-44c2-9fbd-6c62f0c953d4 with class loader jdk.internal.loader.ClassLoaders$AppClassLoader@e73f9ac 
Loaded from file:/C:/Users/nageswararao.seelam/.m2/repository/org/apache/derby/derby/10.14.2.0/derby-10.14.2.0.jar
java.vendor=Oracle Corporation
java.runtime.version=15.0.2+7-27
user.dir=C:\Workspace\Ecommerce\product-api\product-api
os.name=Windows 10
os.arch=amd64
os.version=10.0
derby.system.home=null
Database Class Loader started - derby.database.classpath=''
----------------------------------------------------------------
Tue Jul 13 20:35:49 IST 2021:
Shutting down instance d13c05e1-017a-9fc5-7e05-000005ca7df0 on database directory memory:C:\Workspace\Ecommerce\product-api\product-api\2357c222-a4e4-44c2-9fbd-6c62f0c953d4 with class loader jdk.internal.loader.ClassLoaders$AppClassLoader@e73f9ac 
----------------------------------------------------------------
Tue Jul 13 20:35:54 IST 2021:
Booting Derby version The Apache Software Foundation - Apache Derby - 10.14.2.0 - (1828579): instance dea886b5-017a-9fc5-7e05-000005ca7df0 
on database directory memory:C:\Workspace\Ecommerce\product-api\product-api\84b987d7-76b3-4e53-99fa-7eaa61bffabb with class loader jdk.internal.loader.ClassLoaders$AppClassLoader@e73f9ac 
Loaded from file:/C:/Users/nageswararao.seelam/.m2/repository/org/apache/derby/derby/10.14.2.0/derby-10.14.2.0.jar
java.vendor=Oracle Corporation
java.runtime.version=15.0.2+7-27
user.dir=C:\Workspace\Ecommerce\product-api\product-api
os.name=Windows 10
os.arch=amd64
os.version=10.0
derby.system.home=null
Database Class Loader started - derby.database.classpath=''
----------------------------------------------------------------
Tue Jul 13 20:41:15 IST 2021:
Shutting down instance dea886b5-017a-9fc5-7e05-000005ca7df0 on database directory memory:C:\Workspace\Ecommerce\product-api\product-api\84b987d7-76b3-4e53-99fa-7eaa61bffabb with class loader jdk.internal.loader.ClassLoaders$AppClassLoader@e73f9ac 
----------------------------------------------------------------
Tue Jul 13 20:41:20 IST 2021:
Booting Derby version The Apache Software Foundation - Apache Derby - 10.14.2.0 - (1828579): instance 17f90789-017a-9fc5-7e05-000005ca7df0 
on database directory memory:C:\Workspace\Ecommerce\product-api\product-api\98c90cba-79ee-448b-825d-5de9cf4cf69f with class loader jdk.internal.loader.ClassLoaders$AppClassLoader@e73f9ac 
Loaded from file:/C:/Users/nageswararao.seelam/.m2/repository/org/apache/derby/derby/10.14.2.0/derby-10.14.2.0.jar
java.vendor=Oracle Corporation
java.runtime.version=15.0.2+7-27
user.dir=C:\Workspace\Ecommerce\product-api\product-api
os.name=Windows 10
os.arch=amd64
os.version=10.0
derby.system.home=null
Database Class Loader started - derby.database.classpath=''
----------------------------------------------------------------
Tue Jul 13 20:41:55 IST 2021:
Shutting down instance 17f90789-017a-9fc5-7e05-000005ca7df0 on database directory memory:C:\Workspace\Ecommerce\product-api\product-api\98c90cba-79ee-448b-825d-5de9cf4cf69f with class loader jdk.internal.loader.ClassLoaders$AppClassLoader@e73f9ac 
----------------------------------------------------------------
Tue Jul 13 20:41:59 IST 2021:
Booting Derby version The Apache Software Foundation - Apache Derby - 10.14.2.0 - (1828579): instance 7d2d885d-017a-9fc5-7e05-000005ca7df0 
on database directory memory:C:\Workspace\Ecommerce\product-api\product-api\9cbf52bc-c7e1-4113-ac37-bf30ce379bc2 with class loader jdk.internal.loader.ClassLoaders$AppClassLoader@e73f9ac 
Loaded from file:/C:/Users/nageswararao.seelam/.m2/repository/org/apache/derby/derby/10.14.2.0/derby-10.14.2.0.jar
java.vendor=Oracle Corporation
java.runtime.version=15.0.2+7-27
user.dir=C:\Workspace\Ecommerce\product-api\product-api
os.name=Windows 10
os.arch=amd64
os.version=10.0
derby.system.home=null
Database Class Loader started - derby.database.classpath=''
----------------------------------------------------------------
Tue Jul 13 20:42:08 IST 2021:
Shutting down instance 7d2d885d-017a-9fc5-7e05-000005ca7df0 on database directory memory:C:\Workspace\Ecommerce\product-api\product-api\9cbf52bc-c7e1-4113-ac37-bf30ce379bc2 with class loader jdk.internal.loader.ClassLoaders$AppClassLoader@e73f9ac 
----------------------------------------------------------------
Tue Jul 13 20:42:12 IST 2021:
Booting Derby version The Apache Software Foundation - Apache Derby - 10.14.2.0 - (1828579): instance 0e460931-017a-9fc5-7e05-000005ca7df0 
on database directory memory:C:\Workspace\Ecommerce\product-api\product-api\595f2fc2-8c25-4b7d-a3fe-7bc469774c35 with class loader jdk.internal.loader.ClassLoaders$AppClassLoader@e73f9ac 
Loaded from file:/C:/Users/nageswararao.seelam/.m2/repository/org/apache/derby/derby/10.14.2.0/derby-10.14.2.0.jar
java.vendor=Oracle Corporation
java.runtime.version=15.0.2+7-27
user.dir=C:\Workspace\Ecommerce\product-api\product-api
os.name=Windows 10
os.arch=amd64
os.version=10.0
derby.system.home=null
Database Class Loader started - derby.database.classpath=''
----------------------------------------------------------------
Tue Jul 13 21:42:56 IST 2021:
Shutting down instance 0e460931-017a-9fc5-7e05-000005ca7df0 on database directory memory:C:\Workspace\Ecommerce\product-api\product-api\595f2fc2-8c25-4b7d-a3fe-7bc469774c35 with class loader jdk.internal.loader.ClassLoaders$AppClassLoader@e73f9ac 
----------------------------------------------------------------
Tue Jul 13 21:43:00 IST 2021:
Booting Derby version The Apache Software Foundation - Apache Derby - 10.14.2.0 - (1828579): instance d9098a3d-017a-9fc5-7e05-000005ca7df0 
on database directory memory:C:\Workspace\Ecommerce\product-api\product-api\036a66c4-61b5-4df0-b578-0a7ba3a31c6d with class loader jdk.internal.loader.ClassLoaders$AppClassLoader@e73f9ac 
Loaded from file:/C:/Users/nageswararao.seelam/.m2/repository/org/apache/derby/derby/10.14.2.0/derby-10.14.2.0.jar
java.vendor=Oracle Corporation
java.runtime.version=15.0.2+7-27
user.dir=C:\Workspace\Ecommerce\product-api\product-api
os.name=Windows 10
os.arch=amd64
os.version=10.0
derby.system.home=null
Database Class Loader started - derby.database.classpath=''
----------------------------------------------------------------
Tue Jul 13 21:46:42 IST 2021:
Shutting down instance d9098a3d-017a-9fc5-7e05-000005ca7df0 on database directory memory:C:\Workspace\Ecommerce\product-api\product-api\036a66c4-61b5-4df0-b578-0a7ba3a31c6d with class loader jdk.internal.loader.ClassLoaders$AppClassLoader@e73f9ac 
----------------------------------------------------------------
Tue Jul 13 21:46:46 IST 2021:
Booting Derby version The Apache Software Foundation - Apache Derby - 10.14.2.0 - (1828579): instance cd820b11-017a-9fc5-7e05-000005ca7df0 
on database directory memory:C:\Workspace\Ecommerce\product-api\product-api\035f0a61-a5cd-4e78-aa03-a737ac873080 with class loader jdk.internal.loader.ClassLoaders$AppClassLoader@e73f9ac 
Loaded from file:/C:/Users/nageswararao.seelam/.m2/repository/org/apache/derby/derby/10.14.2.0/derby-10.14.2.0.jar
java.vendor=Oracle Corporation
java.runtime.version=15.0.2+7-27
user.dir=C:\Workspace\Ecommerce\product-api\product-api
os.name=Windows 10
os.arch=amd64
os.version=10.0
derby.system.home=null
Database Class Loader started - derby.database.classpath=''
