----------------------------------------------------------------
Tue Jul 13 17:46:21 IST 2021:
Booting Derby version The Apache Software Foundation - Apache Derby - 10.14.2.0 - (1828579): instance a816c00e-017a-9fcb-f2c0-0000038c8658 
on database directory memory:C:\Workspace\Ecommerce\payment-api\payment-api\0c65de54-db6c-48d7-a508-db2aeb9522f0 with class loader jdk.internal.loader.ClassLoaders$AppClassLoader@e73f9ac 
Loaded from file:/C:/Users/nageswararao.seelam/.m2/repository/org/apache/derby/derby/10.14.2.0/derby-10.14.2.0.jar
java.vendor=Oracle Corporation
java.runtime.version=15.0.2+7-27
user.dir=C:\Workspace\Ecommerce\payment-api\payment-api
os.name=Windows 10
os.arch=amd64
os.version=10.0
derby.system.home=null
Database Class Loader started - derby.database.classpath=''
----------------------------------------------------------------
Tue Jul 13 18:27:41 IST 2021:
Shutting down instance a816c00e-017a-9fcb-f2c0-0000038c8658 on database directory memory:C:\Workspace\Ecommerce\payment-api\payment-api\0c65de54-db6c-48d7-a508-db2aeb9522f0 with class loader jdk.internal.loader.ClassLoaders$AppClassLoader@e73f9ac 
----------------------------------------------------------------
Tue Jul 13 18:27:46 IST 2021:
Booting Derby version The Apache Software Foundation - Apache Derby - 10.14.2.0 - (1828579): instance b2280141-017a-9fcb-f2c0-0000038c8658 
on database directory memory:C:\Workspace\Ecommerce\payment-api\payment-api\c5eccd01-10a8-4e08-8405-9637de30f4f4 with class loader jdk.internal.loader.ClassLoaders$AppClassLoader@e73f9ac 
Loaded from file:/C:/Users/nageswararao.seelam/.m2/repository/org/apache/derby/derby/10.14.2.0/derby-10.14.2.0.jar
java.vendor=Oracle Corporation
java.runtime.version=15.0.2+7-27
user.dir=C:\Workspace\Ecommerce\payment-api\payment-api
os.name=Windows 10
os.arch=amd64
os.version=10.0
derby.system.home=null
Database Class Loader started - derby.database.classpath=''
----------------------------------------------------------------
Tue Jul 13 18:27:56 IST 2021:
Shutting down instance b2280141-017a-9fcb-f2c0-0000038c8658 on database directory memory:C:\Workspace\Ecommerce\payment-api\payment-api\c5eccd01-10a8-4e08-8405-9637de30f4f4 with class loader jdk.internal.loader.ClassLoaders$AppClassLoader@e73f9ac 
----------------------------------------------------------------
Tue Jul 13 18:28:00 IST 2021:
Booting Derby version The Apache Software Foundation - Apache Derby - 10.14.2.0 - (1828579): instance 5fa6c273-017a-9fcb-f2c0-0000038c8658 
on database directory memory:C:\Workspace\Ecommerce\payment-api\payment-api\cd74446e-a034-4f93-bcc7-24f0ccc388ca with class loader jdk.internal.loader.ClassLoaders$AppClassLoader@e73f9ac 
Loaded from file:/C:/Users/nageswararao.seelam/.m2/repository/org/apache/derby/derby/10.14.2.0/derby-10.14.2.0.jar
java.vendor=Oracle Corporation
java.runtime.version=15.0.2+7-27
user.dir=C:\Workspace\Ecommerce\payment-api\payment-api
os.name=Windows 10
os.arch=amd64
os.version=10.0
derby.system.home=null
Database Class Loader started - derby.database.classpath=''
----------------------------------------------------------------
Tue Jul 13 20:00:22 IST 2021:
Shutting down instance 5fa6c273-017a-9fcb-f2c0-0000038c8658 on database directory memory:C:\Workspace\Ecommerce\payment-api\payment-api\cd74446e-a034-4f93-bcc7-24f0ccc388ca with class loader jdk.internal.loader.ClassLoaders$AppClassLoader@e73f9ac 
----------------------------------------------------------------
Tue Jul 13 20:00:26 IST 2021:
Booting Derby version The Apache Software Foundation - Apache Derby - 10.14.2.0 - (1828579): instance 917fc3a6-017a-9fcb-f2c0-0000038c8658 
on database directory memory:C:\Workspace\Ecommerce\payment-api\payment-api\2d8097b3-2e0e-42cc-bfb2-a38705b1a481 with class loader jdk.internal.loader.ClassLoaders$AppClassLoader@e73f9ac 
Loaded from file:/C:/Users/nageswararao.seelam/.m2/repository/org/apache/derby/derby/10.14.2.0/derby-10.14.2.0.jar
java.vendor=Oracle Corporation
java.runtime.version=15.0.2+7-27
user.dir=C:\Workspace\Ecommerce\payment-api\payment-api
os.name=Windows 10
os.arch=amd64
os.version=10.0
derby.system.home=null
Database Class Loader started - derby.database.classpath=''
----------------------------------------------------------------
Tue Jul 13 20:00:53 IST 2021:
Shutting down instance 917fc3a6-017a-9fcb-f2c0-0000038c8658 on database directory memory:C:\Workspace\Ecommerce\payment-api\payment-api\2d8097b3-2e0e-42cc-bfb2-a38705b1a481 with class loader jdk.internal.loader.ClassLoaders$AppClassLoader@e73f9ac 
----------------------------------------------------------------
Tue Jul 13 20:00:57 IST 2021:
Booting Derby version The Apache Software Foundation - Apache Derby - 10.14.2.0 - (1828579): instance a62d04d8-017a-9fcb-f2c0-0000038c8658 
on database directory memory:C:\Workspace\Ecommerce\payment-api\payment-api\bc5eb180-a2c7-4ffd-846c-da243a0219d5 with class loader jdk.internal.loader.ClassLoaders$AppClassLoader@e73f9ac 
Loaded from file:/C:/Users/nageswararao.seelam/.m2/repository/org/apache/derby/derby/10.14.2.0/derby-10.14.2.0.jar
java.vendor=Oracle Corporation
java.runtime.version=15.0.2+7-27
user.dir=C:\Workspace\Ecommerce\payment-api\payment-api
os.name=Windows 10
os.arch=amd64
os.version=10.0
derby.system.home=null
Database Class Loader started - derby.database.classpath=''
----------------------------------------------------------------
Tue Jul 13 20:00:58 IST 2021:
Shutting down instance a62d04d8-017a-9fcb-f2c0-0000038c8658 on database directory memory:C:\Workspace\Ecommerce\payment-api\payment-api\bc5eb180-a2c7-4ffd-846c-da243a0219d5 with class loader jdk.internal.loader.ClassLoaders$AppClassLoader@e73f9ac 
----------------------------------------------------------------
Tue Jul 13 20:01:01 IST 2021:
Booting Derby version The Apache Software Foundation - Apache Derby - 10.14.2.0 - (1828579): instance d64b460a-017a-9fcb-f2c0-0000038c8658 
on database directory memory:C:\Workspace\Ecommerce\payment-api\payment-api\067cc32f-51db-40fd-afc8-9b222eacf59f with class loader jdk.internal.loader.ClassLoaders$AppClassLoader@e73f9ac 
Loaded from file:/C:/Users/nageswararao.seelam/.m2/repository/org/apache/derby/derby/10.14.2.0/derby-10.14.2.0.jar
java.vendor=Oracle Corporation
java.runtime.version=15.0.2+7-27
user.dir=C:\Workspace\Ecommerce\payment-api\payment-api
os.name=Windows 10
os.arch=amd64
os.version=10.0
derby.system.home=null
Database Class Loader started - derby.database.classpath=''
----------------------------------------------------------------
Tue Jul 13 20:48:38 IST 2021:
Shutting down instance d64b460a-017a-9fcb-f2c0-0000038c8658 on database directory memory:C:\Workspace\Ecommerce\payment-api\payment-api\067cc32f-51db-40fd-afc8-9b222eacf59f with class loader jdk.internal.loader.ClassLoaders$AppClassLoader@e73f9ac 
----------------------------------------------------------------
Tue Jul 13 20:48:42 IST 2021:
Booting Derby version The Apache Software Foundation - Apache Derby - 10.14.2.0 - (1828579): instance 4ba9873d-017a-9fcb-f2c0-0000038c8658 
on database directory memory:C:\Workspace\Ecommerce\payment-api\payment-api\70d2b143-12af-49c1-bf7d-349dae81425d with class loader jdk.internal.loader.ClassLoaders$AppClassLoader@e73f9ac 
Loaded from file:/C:/Users/nageswararao.seelam/.m2/repository/org/apache/derby/derby/10.14.2.0/derby-10.14.2.0.jar
java.vendor=Oracle Corporation
java.runtime.version=15.0.2+7-27
user.dir=C:\Workspace\Ecommerce\payment-api\payment-api
os.name=Windows 10
os.arch=amd64
os.version=10.0
derby.system.home=null
Database Class Loader started - derby.database.classpath=''
----------------------------------------------------------------
Tue Jul 13 20:52:37 IST 2021:
Shutting down instance 4ba9873d-017a-9fcb-f2c0-0000038c8658 on database directory memory:C:\Workspace\Ecommerce\payment-api\payment-api\70d2b143-12af-49c1-bf7d-349dae81425d with class loader jdk.internal.loader.ClassLoaders$AppClassLoader@e73f9ac 
----------------------------------------------------------------
Tue Jul 13 20:52:41 IST 2021:
Booting Derby version The Apache Software Foundation - Apache Derby - 10.14.2.0 - (1828579): instance 42f6486f-017a-9fcb-f2c0-0000038c8658 
on database directory memory:C:\Workspace\Ecommerce\payment-api\payment-api\ec088317-5375-48cc-86bb-43896c7ce986 with class loader jdk.internal.loader.ClassLoaders$AppClassLoader@e73f9ac 
Loaded from file:/C:/Users/nageswararao.seelam/.m2/repository/org/apache/derby/derby/10.14.2.0/derby-10.14.2.0.jar
java.vendor=Oracle Corporation
java.runtime.version=15.0.2+7-27
user.dir=C:\Workspace\Ecommerce\payment-api\payment-api
os.name=Windows 10
os.arch=amd64
os.version=10.0
derby.system.home=null
Database Class Loader started - derby.database.classpath=''
----------------------------------------------------------------
Tue Jul 13 21:34:22 IST 2021:
Shutting down instance 42f6486f-017a-9fcb-f2c0-0000038c8658 on database directory memory:C:\Workspace\Ecommerce\payment-api\payment-api\ec088317-5375-48cc-86bb-43896c7ce986 with class loader jdk.internal.loader.ClassLoaders$AppClassLoader@e73f9ac 
----------------------------------------------------------------
Tue Jul 13 21:34:26 IST 2021:
Booting Derby version The Apache Software Foundation - Apache Derby - 10.14.2.0 - (1828579): instance c6c249b2-017a-9fcb-f2c0-0000038c8658 
on database directory memory:C:\Workspace\Ecommerce\payment-api\payment-api\32e6528e-39ab-4a74-b4e1-499d0a0a8ae9 with class loader jdk.internal.loader.ClassLoaders$AppClassLoader@e73f9ac 
Loaded from file:/C:/Users/nageswararao.seelam/.m2/repository/org/apache/derby/derby/10.14.2.0/derby-10.14.2.0.jar
java.vendor=Oracle Corporation
java.runtime.version=15.0.2+7-27
user.dir=C:\Workspace\Ecommerce\payment-api\payment-api
os.name=Windows 10
os.arch=amd64
os.version=10.0
derby.system.home=null
Database Class Loader started - derby.database.classpath=''
----------------------------------------------------------------
Tue Jul 13 21:45:15 IST 2021:
Shutting down instance c6c249b2-017a-9fcb-f2c0-0000038c8658 on database directory memory:C:\Workspace\Ecommerce\payment-api\payment-api\32e6528e-39ab-4a74-b4e1-499d0a0a8ae9 with class loader jdk.internal.loader.ClassLoaders$AppClassLoader@e73f9ac 
----------------------------------------------------------------
Tue Jul 13 21:45:20 IST 2021:
Booting Derby version The Apache Software Foundation - Apache Derby - 10.14.2.0 - (1828579): instance 5cedcb0b-017a-9fcb-f2c0-0000038c8658 
on database directory memory:C:\Workspace\Ecommerce\payment-api\payment-api\0be67ba8-7b76-4c06-a1aa-db1f33fc5cc5 with class loader jdk.internal.loader.ClassLoaders$AppClassLoader@e73f9ac 
Loaded from file:/C:/Users/nageswararao.seelam/.m2/repository/org/apache/derby/derby/10.14.2.0/derby-10.14.2.0.jar
java.vendor=Oracle Corporation
java.runtime.version=15.0.2+7-27
user.dir=C:\Workspace\Ecommerce\payment-api\payment-api
os.name=Windows 10
os.arch=amd64
os.version=10.0
derby.system.home=null
Database Class Loader started - derby.database.classpath=''
----------------------------------------------------------------
Tue Jul 13 21:45:27 IST 2021:
Shutting down instance 5cedcb0b-017a-9fcb-f2c0-0000038c8658 on database directory memory:C:\Workspace\Ecommerce\payment-api\payment-api\0be67ba8-7b76-4c06-a1aa-db1f33fc5cc5 with class loader jdk.internal.loader.ClassLoaders$AppClassLoader@e73f9ac 
----------------------------------------------------------------
Tue Jul 13 21:45:32 IST 2021:
Booting Derby version The Apache Software Foundation - Apache Derby - 10.14.2.0 - (1828579): instance 77498c3d-017a-9fcb-f2c0-0000038c8658 
on database directory memory:C:\Workspace\Ecommerce\payment-api\payment-api\de8c8e1d-18ea-4a8d-b37d-c165c8e12963 with class loader jdk.internal.loader.ClassLoaders$AppClassLoader@e73f9ac 
Loaded from file:/C:/Users/nageswararao.seelam/.m2/repository/org/apache/derby/derby/10.14.2.0/derby-10.14.2.0.jar
java.vendor=Oracle Corporation
java.runtime.version=15.0.2+7-27
user.dir=C:\Workspace\Ecommerce\payment-api\payment-api
os.name=Windows 10
os.arch=amd64
os.version=10.0
derby.system.home=null
Database Class Loader started - derby.database.classpath=''
----------------------------------------------------------------
Tue Jul 13 21:45:48 IST 2021:
Shutting down instance 77498c3d-017a-9fcb-f2c0-0000038c8658 on database directory memory:C:\Workspace\Ecommerce\payment-api\payment-api\de8c8e1d-18ea-4a8d-b37d-c165c8e12963 with class loader jdk.internal.loader.ClassLoaders$AppClassLoader@e73f9ac 
----------------------------------------------------------------
Tue Jul 13 21:45:52 IST 2021:
Booting Derby version The Apache Software Foundation - Apache Derby - 10.14.2.0 - (1828579): instance ed164d6f-017a-9fcb-f2c0-0000038c8658 
on database directory memory:C:\Workspace\Ecommerce\payment-api\payment-api\aa2d33c4-7890-45da-b276-a503067e7423 with class loader jdk.internal.loader.ClassLoaders$AppClassLoader@e73f9ac 
Loaded from file:/C:/Users/nageswararao.seelam/.m2/repository/org/apache/derby/derby/10.14.2.0/derby-10.14.2.0.jar
java.vendor=Oracle Corporation
java.runtime.version=15.0.2+7-27
user.dir=C:\Workspace\Ecommerce\payment-api\payment-api
os.name=Windows 10
os.arch=amd64
os.version=10.0
derby.system.home=null
Database Class Loader started - derby.database.classpath=''
----------------------------------------------------------------
Tue Jul 13 21:46:02 IST 2021:
Shutting down instance ed164d6f-017a-9fcb-f2c0-0000038c8658 on database directory memory:C:\Workspace\Ecommerce\payment-api\payment-api\aa2d33c4-7890-45da-b276-a503067e7423 with class loader jdk.internal.loader.ClassLoaders$AppClassLoader@e73f9ac 
----------------------------------------------------------------
Tue Jul 13 21:46:06 IST 2021:
Booting Derby version The Apache Software Foundation - Apache Derby - 10.14.2.0 - (1828579): instance 3e540ea1-017a-9fcb-f2c0-0000038c8658 
on database directory memory:C:\Workspace\Ecommerce\payment-api\payment-api\9fd2c5ab-eab7-4dae-8883-1d90083d53c2 with class loader jdk.internal.loader.ClassLoaders$AppClassLoader@e73f9ac 
Loaded from file:/C:/Users/nageswararao.seelam/.m2/repository/org/apache/derby/derby/10.14.2.0/derby-10.14.2.0.jar
java.vendor=Oracle Corporation
java.runtime.version=15.0.2+7-27
user.dir=C:\Workspace\Ecommerce\payment-api\payment-api
os.name=Windows 10
os.arch=amd64
os.version=10.0
derby.system.home=null
Database Class Loader started - derby.database.classpath=''
